unexpected/unsupported option: -static
unexpected/unsupported option: -static
src/functional/clocale_mbfuncs.c:28: mbrtowc failed to convert byte 80 to wchar_t
src/functional/clocale_mbfuncs.c:30: btowc failed to convert byte 80 to wchar_t
src/functional/clocale_mbfuncs.c:28: mbrtowc failed to convert byte 81 to wchar_t
src/functional/clocale_mbfuncs.c:30: btowc failed to convert byte 81 to wchar_t
src/functional/clocale_mbfuncs.c:28: mbrtowc failed to convert byte 82 to wchar_t
src/functional/clocale_mbfuncs.c:30: btowc failed to convert byte 82 to wchar_t
src/functional/clocale_mbfuncs.c:28: mbrtowc failed to convert byte 83 to wchar_t
src/functional/clocale_mbfuncs.c:30: btowc failed to convert byte 83 to wchar_t
src/functional/clocale_mbfuncs.c:28: mbrtowc failed to convert byte 84 to wchar_t
src/functional/clocale_mbfuncs.c:30: btowc failed to convert byte 84 to wchar_t
src/functional/clocale_mbfuncs.c:28: mbrtowc failed to convert byte 85 to wchar_t
src/functional/clocale_mbfuncs.c:30: btowc failed to convert byte 85 to wchar_t
src/functional/clocale_mbfuncs.c:28: mbrtowc failed to convert byte 86 to wchar_t
src/functional/clocale_mbfuncs.c:30: btowc failed to convert byte 86 to wchar_t
src/functional/clocale_mbfuncs.c:28: mbrtowc failed to convert byte 87 to wchar_t
src/functional/clocale_mbfuncs.c:30: btowc failed to convert byte 87 to wchar_t
src/functional/clocale_mbfuncs.c:28: mbrtowc failed to convert byte 88 to wchar_t
src/functional/clocale_mbfuncs.c:30: btowc failed to convert byte 88 to wchar_t
src/functional/clocale_mbfuncs.c:28: mbrtowc failed to convert byte 89 to wchar_t
src/functional/clocale_mbfuncs.c:30: btowc failed to convert byte 89 to wchar_t
src/functional/clocale_mbfuncs.c:28: mbrtowc failed to convert byte 8a to wchar_t
src/functional/clocale_mbfuncs.c:30: btowc failed to convert byte 8a to wchar_t
src/functional/clocale_mbfuncs.c:28: mbrtowc failed to convert byte 8b to wchar_t
src/functional/clocale_mbfuncs.c:30: btowc failed to convert byte 8b to wchar_t
src/functional/clocale_mbfuncs.c:28: mbrtowc failed to convert byte 8c to wchar_t
src/functional/clocale_mbfuncs.c:30: btowc failed to convert byte 8c to wchar_t
src/functional/clocale_mbfuncs.c:28: mbrtowc failed to convert byte 8d to wchar_t
src/functional/clocale_mbfuncs.c:30: btowc failed to convert byte 8d to wchar_t
src/functional/clocale_mbfuncs.c:28: mbrtowc failed to convert byte 8e to wchar_t
src/functional/clocale_mbfuncs.c:30: btowc failed to convert byte 8e to wchar_t
src/functional/clocale_mbfuncs.c:28: mbrtowc failed to convert byte 8f to wchar_t
src/functional/clocale_mbfuncs.c:30: btowc failed to convert byte 8f to wchar_t
src/functional/clocale_mbfuncs.c:28: mbrtowc failed to convert byte 90 to wchar_t
src/functional/clocale_mbfuncs.c:30: btowc failed to convert byte 90 to wchar_t
src/functional/clocale_mbfuncs.c:28: mbrtowc failed to convert byte 91 to wchar_t
src/functional/clocale_mbfuncs.c:30: btowc failed to convert byte 91 to wchar_t
src/functional/clocale_mbfuncs.c:28: mbrtowc failed to convert byte 92 to wchar_t
src/functional/clocale_mbfuncs.c:30: btowc failed to convert byte 92 to wchar_t
src/functional/clocale_mbfuncs.c:28: mbrtowc failed to convert byte 93 to wchar_t
src/functional/clocale_mbfuncs.c:30: btowc failed to convert byte 93 to wchar_t
src/functional/clocale_mbfuncs.c:28: mbrtowc failed to convert byte 94 to wchar_t
src/functional/clocale_mbfuncs.c:30: btowc failed to convert byte 94 to wchar_t
src/functional/clocale_mbfuncs.c:28: mbrtowc failed to convert byte 95 to wchar_t
src/functional/clocale_mbfuncs.c:30: btowc failed to convert byte 95 to wchar_t
src/functional/clocale_mbfuncs.c:28: mbrtowc failed to convert byte 96 to wchar_t
src/functional/clocale_mbfuncs.c:30: btowc failed to convert byte 96 to wchar_t
src/functional/clocale_mbfuncs.c:28: mbrtowc failed to convert byte 97 to wchar_t
src/functional/clocale_mbfuncs.c:30: btowc failed to convert byte 97 to wchar_t
src/functional/clocale_mbfuncs.c:28: mbrtowc failed to convert byte 98 to wchar_t
src/functional/clocale_mbfuncs.c:30: btowc failed to convert byte 98 to wchar_t
src/functional/clocale_mbfuncs.c:28: mbrtowc failed to convert byte 99 to wchar_t
src/functional/clocale_mbfuncs.c:30: btowc failed to convert byte 99 to wchar_t
src/functional/clocale_mbfuncs.c:28: mbrtowc failed to convert byte 9a to wchar_t
src/functional/clocale_mbfuncs.c:30: btowc failed to convert byte 9a to wchar_t
src/functional/clocale_mbfuncs.c:28: mbrtowc failed to convert byte 9b to wchar_t
src/functional/clocale_mbfuncs.c:30: btowc failed to convert byte 9b to wchar_t
src/functional/clocale_mbfuncs.c:28: mbrtowc failed to convert byte 9c to wchar_t
src/functional/clocale_mbfuncs.c:30: btowc failed to convert byte 9c to wchar_t
src/functional/clocale_mbfuncs.c:28: mbrtowc failed to convert byte 9d to wchar_t
src/functional/clocale_mbfuncs.c:30: btowc failed to convert byte 9d to wchar_t
src/functional/clocale_mbfuncs.c:28: mbrtowc failed to convert byte 9e to wchar_t
src/functional/clocale_mbfuncs.c:30: btowc failed to convert byte 9e to wchar_t
src/functional/clocale_mbfuncs.c:28: mbrtowc failed to convert byte 9f to wchar_t
src/functional/clocale_mbfuncs.c:30: btowc failed to convert byte 9f to wchar_t
src/functional/clocale_mbfuncs.c:28: mbrtowc failed to convert byte a0 to wchar_t
src/functional/clocale_mbfuncs.c:30: btowc failed to convert byte a0 to wchar_t
src/functional/clocale_mbfuncs.c:28: mbrtowc failed to convert byte a1 to wchar_t
src/functional/clocale_mbfuncs.c:30: btowc failed to convert byte a1 to wchar_t
src/functional/clocale_mbfuncs.c:28: mbrtowc failed to convert byte a2 to wchar_t
src/functional/clocale_mbfuncs.c:30: btowc failed to convert byte a2 to wchar_t
src/functional/clocale_mbfuncs.c:28: mbrtowc failed to convert byte a3 to wchar_t
src/functional/clocale_mbfuncs.c:30: btowc failed to convert byte a3 to wchar_t
src/functional/clocale_mbfuncs.c:28: mbrtowc failed to convert byte a4 to wchar_t
src/functional/clocale_mbfuncs.c:30: btowc failed to convert byte a4 to wchar_t
src/functional/clocale_mbfuncs.c:28: mbrtowc failed to convert byte a5 to wchar_t
src/functional/clocale_mbfuncs.c:30: btowc failed to convert byte a5 to wchar_t
src/functional/clocale_mbfuncs.c:28: mbrtowc failed to convert byte a6 to wchar_t
src/functional/clocale_mbfuncs.c:30: btowc failed to convert byte a6 to wchar_t
src/functional/clocale_mbfuncs.c:28: mbrtowc failed to convert byte a7 to wchar_t
src/functional/clocale_mbfuncs.c:30: btowc failed to convert byte a7 to wchar_t
src/functional/clocale_mbfuncs.c:28: mbrtowc failed to convert byte a8 to wchar_t
src/functional/clocale_mbfuncs.c:30: btowc failed to convert byte a8 to wchar_t
src/functional/clocale_mbfuncs.c:28: mbrtowc failed to convert byte a9 to wchar_t
src/functional/clocale_mbfuncs.c:30: btowc failed to convert byte a9 to wchar_t
src/functional/clocale_mbfuncs.c:28: mbrtowc failed to convert byte aa to wchar_t
src/functional/clocale_mbfuncs.c:30: btowc failed to convert byte aa to wchar_t
src/functional/clocale_mbfuncs.c:28: mbrtowc failed to convert byte ab to wchar_t
src/functional/clocale_mbfuncs.c:30: btowc failed to convert byte ab to wchar_t
src/functional/clocale_mbfuncs.c:28: mbrtowc failed to convert byte ac to wchar_t
src/functional/clocale_mbfuncs.c:30: btowc failed to convert byte ac to wchar_t
src/functional/clocale_mbfuncs.c:28: mbrtowc failed to convert byte ad to wchar_t
src/functional/clocale_mbfuncs.c:30: btowc failed to convert byte ad to wchar_t
src/functional/clocale_mbfuncs.c:28: mbrtowc failed to convert byte ae to wchar_t
src/functional/clocale_mbfuncs.c:30: btowc failed to convert byte ae to wchar_t
src/functional/clocale_mbfuncs.c:28: mbrtowc failed to convert byte af to wchar_t
src/functional/clocale_mbfuncs.c:30: btowc failed to convert byte af to wchar_t
src/functional/clocale_mbfuncs.c:28: mbrtowc failed to convert byte b0 to wchar_t
src/functional/clocale_mbfuncs.c:30: btowc failed to convert byte b0 to wchar_t
src/functional/clocale_mbfuncs.c:28: mbrtowc failed to convert byte b1 to wchar_t
src/functional/clocale_mbfuncs.c:30: btowc failed to convert byte b1 to wchar_t
src/functional/clocale_mbfuncs.c:28: mbrtowc failed to convert byte b2 to wchar_t
src/functional/clocale_mbfuncs.c:30: btowc failed to convert byte b2 to wchar_t
src/functional/clocale_mbfuncs.c:28: mbrtowc failed to convert byte b3 to wchar_t
src/functional/clocale_mbfuncs.c:30: btowc failed to convert byte b3 to wchar_t
src/functional/clocale_mbfuncs.c:28: mbrtowc failed to convert byte b4 to wchar_t
src/functional/clocale_mbfuncs.c:30: btowc failed to convert byte b4 to wchar_t
src/functional/clocale_mbfuncs.c:28: mbrtowc failed to convert byte b5 to wchar_t
src/functional/clocale_mbfuncs.c:30: btowc failed to convert byte b5 to wchar_t
src/functional/clocale_mbfuncs.c:28: mbrtowc failed to convert byte b6 to wchar_t
src/functional/clocale_mbfuncs.c:30: btowc failed to convert byte b6 to wchar_t
src/functional/clocale_mbfuncs.c:28: mbrtowc failed to convert byte b7 to wchar_t
src/functional/clocale_mbfuncs.c:30: btowc failed to convert byte b7 to wchar_t
src/functional/clocale_mbfuncs.c:28: mbrtowc failed to convert byte b8 to wchar_t
src/functional/clocale_mbfuncs.c:30: btowc failed to convert byte b8 to wchar_t
src/functional/clocale_mbfuncs.c:28: mbrtowc failed to convert byte b9 to wchar_t
src/functional/clocale_mbfuncs.c:30: btowc failed to convert byte b9 to wchar_t
src/functional/clocale_mbfuncs.c:28: mbrtowc failed to convert byte ba to wchar_t
src/functional/clocale_mbfuncs.c:30: btowc failed to convert byte ba to wchar_t
src/functional/clocale_mbfuncs.c:28: mbrtowc failed to convert byte bb to wchar_t
src/functional/clocale_mbfuncs.c:30: btowc failed to convert byte bb to wchar_t
src/functional/clocale_mbfuncs.c:28: mbrtowc failed to convert byte bc to wchar_t
src/functional/clocale_mbfuncs.c:30: btowc failed to convert byte bc to wchar_t
src/functional/clocale_mbfuncs.c:28: mbrtowc failed to convert byte bd to wchar_t
src/functional/clocale_mbfuncs.c:30: btowc failed to convert byte bd to wchar_t
src/functional/clocale_mbfuncs.c:28: mbrtowc failed to convert byte be to wchar_t
src/functional/clocale_mbfuncs.c:30: btowc failed to convert byte be to wchar_t
src/functional/clocale_mbfuncs.c:28: mbrtowc failed to convert byte bf to wchar_t
src/functional/clocale_mbfuncs.c:30: btowc failed to convert byte bf to wchar_t
src/functional/clocale_mbfuncs.c:28: mbrtowc failed to convert byte c0 to wchar_t
src/functional/clocale_mbfuncs.c:30: btowc failed to convert byte c0 to wchar_t
src/functional/clocale_mbfuncs.c:28: mbrtowc failed to convert byte c1 to wchar_t
src/functional/clocale_mbfuncs.c:30: btowc failed to convert byte c1 to wchar_t
src/functional/clocale_mbfuncs.c:28: mbrtowc failed to convert byte c2 to wchar_t
src/functional/clocale_mbfuncs.c:30: btowc failed to convert byte c2 to wchar_t
src/functional/clocale_mbfuncs.c:28: mbrtowc failed to convert byte c3 to wchar_t
src/functional/clocale_mbfuncs.c:30: btowc failed to convert byte c3 to wchar_t
src/functional/clocale_mbfuncs.c:28: mbrtowc failed to convert byte c4 to wchar_t
src/functional/clocale_mbfuncs.c:30: btowc failed to convert byte c4 to wchar_t
src/functional/clocale_mbfuncs.c:28: mbrtowc failed to convert byte c5 to wchar_t
src/functional/clocale_mbfuncs.c:30: btowc failed to convert byte c5 to wchar_t
src/functional/clocale_mbfuncs.c:28: mbrtowc failed to convert byte c6 to wchar_t
src/functional/clocale_mbfuncs.c:30: btowc failed to convert byte c6 to wchar_t
src/functional/clocale_mbfuncs.c:28: mbrtowc failed to convert byte c7 to wchar_t
src/functional/clocale_mbfuncs.c:30: btowc failed to convert byte c7 to wchar_t
src/functional/clocale_mbfuncs.c:28: mbrtowc failed to convert byte c8 to wchar_t
src/functional/clocale_mbfuncs.c:30: btowc failed to convert byte c8 to wchar_t
src/functional/clocale_mbfuncs.c:28: mbrtowc failed to convert byte c9 to wchar_t
src/functional/clocale_mbfuncs.c:30: btowc failed to convert byte c9 to wchar_t
src/functional/clocale_mbfuncs.c:28: mbrtowc failed to convert byte ca to wchar_t
src/functional/clocale_mbfuncs.c:30: btowc failed to convert byte ca to wchar_t
src/functional/clocale_mbfuncs.c:28: mbrtowc failed to convert byte cb to wchar_t
src/functional/clocale_mbfuncs.c:30: btowc failed to convert byte cb to wchar_t
src/functional/clocale_mbfuncs.c:28: mbrtowc failed to convert byte cc to wchar_t
src/functional/clocale_mbfuncs.c:30: btowc failed to convert byte cc to wchar_t
src/functional/clocale_mbfuncs.c:28: mbrtowc failed to convert byte cd to wchar_t
src/functional/clocale_mbfuncs.c:30: btowc failed to convert byte cd to wchar_t
src/functional/clocale_mbfuncs.c:28: mbrtowc failed to convert byte ce to wchar_t
src/functional/clocale_mbfuncs.c:30: btowc failed to convert byte ce to wchar_t
src/functional/clocale_mbfuncs.c:28: mbrtowc failed to convert byte cf to wchar_t
src/functional/clocale_mbfuncs.c:30: btowc failed to convert byte cf to wchar_t
src/functional/clocale_mbfuncs.c:28: mbrtowc failed to convert byte d0 to wchar_t
src/functional/clocale_mbfuncs.c:30: btowc failed to convert byte d0 to wchar_t
src/functional/clocale_mbfuncs.c:28: mbrtowc failed to convert byte d1 to wchar_t
src/functional/clocale_mbfuncs.c:30: btowc failed to convert byte d1 to wchar_t
src/functional/clocale_mbfuncs.c:28: mbrtowc failed to convert byte d2 to wchar_t
src/functional/clocale_mbfuncs.c:30: btowc failed to convert byte d2 to wchar_t
src/functional/clocale_mbfuncs.c:28: mbrtowc failed to convert byte d3 to wchar_t
src/functional/clocale_mbfuncs.c:30: btowc failed to convert byte d3 to wchar_t
src/functional/clocale_mbfuncs.c:28: mbrtowc failed to convert byte d4 to wchar_t
src/functional/clocale_mbfuncs.c:30: btowc failed to convert byte d4 to wchar_t
src/functional/clocale_mbfuncs.c:28: mbrtowc failed to convert byte d5 to wchar_t
src/functional/clocale_mbfuncs.c:30: btowc failed to convert byte d5 to wchar_t
src/functional/clocale_mbfuncs.c:28: mbrtowc failed to convert byte d6 to wchar_t
src/functional/clocale_mbfuncs.c:30: btowc failed to convert byte d6 to wchar_t
src/functional/clocale_mbfuncs.c:28: mbrtowc failed to convert byte d7 to wchar_t
src/functional/clocale_mbfuncs.c:30: btowc failed to convert byte d7 to wchar_t
src/functional/clocale_mbfuncs.c:28: mbrtowc failed to convert byte d8 to wchar_t
src/functional/clocale_mbfuncs.c:30: btowc failed to convert byte d8 to wchar_t
src/functional/clocale_mbfuncs.c:28: mbrtowc failed to convert byte d9 to wchar_t
src/functional/clocale_mbfuncs.c:30: btowc failed to convert byte d9 to wchar_t
src/functional/clocale_mbfuncs.c:28: mbrtowc failed to convert byte da to wchar_t
src/functional/clocale_mbfuncs.c:30: btowc failed to convert byte da to wchar_t
src/functional/clocale_mbfuncs.c:28: mbrtowc failed to convert byte db to wchar_t
src/functional/clocale_mbfuncs.c:30: btowc failed to convert byte db to wchar_t
src/functional/clocale_mbfuncs.c:28: mbrtowc failed to convert byte dc to wchar_t
src/functional/clocale_mbfuncs.c:30: btowc failed to convert byte dc to wchar_t
src/functional/clocale_mbfuncs.c:28: mbrtowc failed to convert byte dd to wchar_t
src/functional/clocale_mbfuncs.c:30: btowc failed to convert byte dd to wchar_t
src/functional/clocale_mbfuncs.c:28: mbrtowc failed to convert byte de to wchar_t
src/functional/clocale_mbfuncs.c:30: btowc failed to convert byte de to wchar_t
src/functional/clocale_mbfuncs.c:28: mbrtowc failed to convert byte df to wchar_t
src/functional/clocale_mbfuncs.c:30: btowc failed to convert byte df to wchar_t
src/functional/clocale_mbfuncs.c:28: mbrtowc failed to convert byte e0 to wchar_t
src/functional/clocale_mbfuncs.c:30: btowc failed to convert byte e0 to wchar_t
src/functional/clocale_mbfuncs.c:28: mbrtowc failed to convert byte e1 to wchar_t
src/functional/clocale_mbfuncs.c:30: btowc failed to convert byte e1 to wchar_t
src/functional/clocale_mbfuncs.c:28: mbrtowc failed to convert byte e2 to wchar_t
src/functional/clocale_mbfuncs.c:30: btowc failed to convert byte e2 to wchar_t
src/functional/clocale_mbfuncs.c:28: mbrtowc failed to convert byte e3 to wchar_t
src/functional/clocale_mbfuncs.c:30: btowc failed to convert byte e3 to wchar_t
src/functional/clocale_mbfuncs.c:28: mbrtowc failed to convert byte e4 to wchar_t
src/functional/clocale_mbfuncs.c:30: btowc failed to convert byte e4 to wchar_t
src/functional/clocale_mbfuncs.c:28: mbrtowc failed to convert byte e5 to wchar_t
src/functional/clocale_mbfuncs.c:30: btowc failed to convert byte e5 to wchar_t
src/functional/clocale_mbfuncs.c:28: mbrtowc failed to convert byte e6 to wchar_t
src/functional/clocale_mbfuncs.c:30: btowc failed to convert byte e6 to wchar_t
src/functional/clocale_mbfuncs.c:28: mbrtowc failed to convert byte e7 to wchar_t
src/functional/clocale_mbfuncs.c:30: btowc failed to convert byte e7 to wchar_t
src/functional/clocale_mbfuncs.c:28: mbrtowc failed to convert byte e8 to wchar_t
src/functional/clocale_mbfuncs.c:30: btowc failed to convert byte e8 to wchar_t
src/functional/clocale_mbfuncs.c:28: mbrtowc failed to convert byte e9 to wchar_t
src/functional/clocale_mbfuncs.c:30: btowc failed to convert byte e9 to wchar_t
src/functional/clocale_mbfuncs.c:28: mbrtowc failed to convert byte ea to wchar_t
src/functional/clocale_mbfuncs.c:30: btowc failed to convert byte ea to wchar_t
src/functional/clocale_mbfuncs.c:28: mbrtowc failed to convert byte eb to wchar_t
src/functional/clocale_mbfuncs.c:30: btowc failed to convert byte eb to wchar_t
src/functional/clocale_mbfuncs.c:28: mbrtowc failed to convert byte ec to wchar_t
src/functional/clocale_mbfuncs.c:30: btowc failed to convert byte ec to wchar_t
src/functional/clocale_mbfuncs.c:28: mbrtowc failed to convert byte ed to wchar_t
src/functional/clocale_mbfuncs.c:30: btowc failed to convert byte ed to wchar_t
src/functional/clocale_mbfuncs.c:28: mbrtowc failed to convert byte ee to wchar_t
src/functional/clocale_mbfuncs.c:30: btowc failed to convert byte ee to wchar_t
src/functional/clocale_mbfuncs.c:28: mbrtowc failed to convert byte ef to wchar_t
src/functional/clocale_mbfuncs.c:30: btowc failed to convert byte ef to wchar_t
src/functional/clocale_mbfuncs.c:28: mbrtowc failed to convert byte f0 to wchar_t
src/functional/clocale_mbfuncs.c:30: btowc failed to convert byte f0 to wchar_t
src/functional/clocale_mbfuncs.c:28: mbrtowc failed to convert byte f1 to wchar_t
src/functional/clocale_mbfuncs.c:30: btowc failed to convert byte f1 to wchar_t
src/functional/clocale_mbfuncs.c:28: mbrtowc failed to convert byte f2 to wchar_t
src/functional/clocale_mbfuncs.c:30: btowc failed to convert byte f2 to wchar_t
src/functional/clocale_mbfuncs.c:28: mbrtowc failed to convert byte f3 to wchar_t
src/functional/clocale_mbfuncs.c:30: btowc failed to convert byte f3 to wchar_t
src/functional/clocale_mbfuncs.c:28: mbrtowc failed to convert byte f4 to wchar_t
src/functional/clocale_mbfuncs.c:30: btowc failed to convert byte f4 to wchar_t
src/functional/clocale_mbfuncs.c:28: mbrtowc failed to convert byte f5 to wchar_t
src/functional/clocale_mbfuncs.c:30: btowc failed to convert byte f5 to wchar_t
src/functional/clocale_mbfuncs.c:28: mbrtowc failed to convert byte f6 to wchar_t
src/functional/clocale_mbfuncs.c:30: btowc failed to convert byte f6 to wchar_t
src/functional/clocale_mbfuncs.c:28: mbrtowc failed to convert byte f7 to wchar_t
src/functional/clocale_mbfuncs.c:30: btowc failed to convert byte f7 to wchar_t
src/functional/clocale_mbfuncs.c:28: mbrtowc failed to convert byte f8 to wchar_t
src/functional/clocale_mbfuncs.c:30: btowc failed to convert byte f8 to wchar_t
src/functional/clocale_mbfuncs.c:28: mbrtowc failed to convert byte f9 to wchar_t
src/functional/clocale_mbfuncs.c:30: btowc failed to convert byte f9 to wchar_t
src/functional/clocale_mbfuncs.c:28: mbrtowc failed to convert byte fa to wchar_t
src/functional/clocale_mbfuncs.c:30: btowc failed to convert byte fa to wchar_t
src/functional/clocale_mbfuncs.c:28: mbrtowc failed to convert byte fb to wchar_t
src/functional/clocale_mbfuncs.c:30: btowc failed to convert byte fb to wchar_t
src/functional/clocale_mbfuncs.c:28: mbrtowc failed to convert byte fc to wchar_t
src/functional/clocale_mbfuncs.c:30: btowc failed to convert byte fc to wchar_t
src/functional/clocale_mbfuncs.c:28: mbrtowc failed to convert byte fd to wchar_t
src/functional/clocale_mbfuncs.c:30: btowc failed to convert byte fd to wchar_t
src/functional/clocale_mbfuncs.c:28: mbrtowc failed to convert byte fe to wchar_t
src/functional/clocale_mbfuncs.c:30: btowc failed to convert byte fe to wchar_t
src/functional/clocale_mbfuncs.c:28: mbrtowc failed to convert byte ff to wchar_t
src/functional/clocale_mbfuncs.c:30: btowc failed to convert byte ff to wchar_t
src/functional/clocale_mbfuncs.c:52: wcrtomb accepted non-image wchar_t e0000
src/functional/clocale_mbfuncs.c:52: wcrtomb accepted non-image wchar_t e0001
src/functional/clocale_mbfuncs.c:52: wcrtomb accepted non-image wchar_t e0002
src/functional/clocale_mbfuncs.c:52: wcrtomb accepted non-image wchar_t e0003
src/functional/clocale_mbfuncs.c:52: wcrtomb accepted non-image wchar_t e0004
src/functional/clocale_mbfuncs.c:52: wcrtomb accepted non-image wchar_t e0005
src/functional/clocale_mbfuncs.c:52: wcrtomb accepted non-image wchar_t e0006
src/functional/clocale_mbfuncs.c:52: wcrtomb accepted non-image wchar_t e0007
src/functional/clocale_mbfuncs.c:52: wcrtomb accepted non-image wchar_t e0008
src/functional/clocale_mbfuncs.c:52: wcrtomb accepted non-image wchar_t e0009
src/functional/clocale_mbfuncs.c:52: wcrtomb accepted non-image wchar_t e000a
src/functional/clocale_mbfuncs.c:52: wcrtomb accepted non-image wchar_t e000b
src/functional/clocale_mbfuncs.c:52: wcrtomb accepted non-image wchar_t e000c
src/functional/clocale_mbfuncs.c:52: wcrtomb accepted non-image wchar_t e000d
src/functional/clocale_mbfuncs.c:52: wcrtomb accepted non-image wchar_t e000e
src/functional/clocale_mbfuncs.c:52: wcrtomb accepted non-image wchar_t e000f
src/functional/clocale_mbfuncs.c:52: wcrtomb accepted non-image wchar_t e0010
src/functional/clocale_mbfuncs.c:52: wcrtomb accepted non-image wchar_t e0011
src/functional/clocale_mbfuncs.c:52: wcrtomb accepted non-image wchar_t e0012
src/functional/clocale_mbfuncs.c:52: wcrtomb accepted non-image wchar_t e0013
src/functional/clocale_mbfuncs.c:52: wcrtomb accepted non-image wchar_t e0014
src/functional/clocale_mbfuncs.c:52: wcrtomb accepted non-image wchar_t e0015
src/functional/clocale_mbfuncs.c:52: wcrtomb accepted non-image wchar_t e0016
src/functional/clocale_mbfuncs.c:52: wcrtomb accepted non-image wchar_t e0017
src/functional/clocale_mbfuncs.c:52: wcrtomb accepted non-image wchar_t e0018
src/functional/clocale_mbfuncs.c:52: wcrtomb accepted non-image wchar_t e0019
src/functional/clocale_mbfuncs.c:52: wcrtomb accepted non-image wchar_t e001a
src/functional/clocale_mbfuncs.c:52: wcrtomb accepted non-image wchar_t e001b
src/functional/clocale_mbfuncs.c:52: wcrtomb accepted non-image wchar_t e001c
src/functional/clocale_mbfuncs.c:52: wcrtomb accepted non-image wchar_t e001d
src/functional/clocale_mbfuncs.c:52: wcrtomb accepted non-image wchar_t e001e
src/functional/clocale_mbfuncs.c:52: wcrtomb accepted non-image wchar_t e001f
src/functional/clocale_mbfuncs.c:52: wcrtomb accepted non-image wchar_t e0020
src/functional/clocale_mbfuncs.c:52: wcrtomb accepted non-image wchar_t e0021
src/functional/clocale_mbfuncs.c:52: wcrtomb accepted non-image wchar_t e0022
src/functional/clocale_mbfuncs.c:52: wcrtomb accepted non-image wchar_t e0023
src/functional/clocale_mbfuncs.c:52: wcrtomb accepted non-image wchar_t e0024
src/functional/clocale_mbfuncs.c:52: wcrtomb accepted non-image wchar_t e0025
src/functional/clocale_mbfuncs.c:52: wcrtomb accepted non-image wchar_t e0026
src/functional/clocale_mbfuncs.c:52: wcrtomb accepted non-image wchar_t e0027
src/functional/clocale_mbfuncs.c:52: wcrtomb accepted non-image wchar_t e0028
src/functional/clocale_mbfuncs.c:52: wcrtomb accepted non-image wchar_t e0029
src/functional/clocale_mbfuncs.c:52: wcrtomb accepted non-image wchar_t e002a
src/functional/clocale_mbfuncs.c:52: wcrtomb accepted non-image wchar_t e002b
src/functional/clocale_mbfuncs.c:52: wcrtomb accepted non-image wchar_t e002c
src/functional/clocale_mbfuncs.c:52: wcrtomb accepted non-image wchar_t e002d
src/functional/clocale_mbfuncs.c:52: wcrtomb accepted non-image wchar_t e002e
src/functional/clocale_mbfuncs.c:52: wcrtomb accepted non-image wchar_t e002f
src/functional/clocale_mbfuncs.c:52: wcrtomb accepted non-image wchar_t e0030
src/functional/clocale_mbfuncs.c:52: wcrtomb accepted non-image wchar_t e0031
src/functional/clocale_mbfuncs.c:55: additional 128 non-image errors (not printed)
src/functional/clocale_mbfuncs.c:60: wcsrtombs returned -1, expected 255
src/functional/clocale_mbfuncs.c:62: mbsrtowcs returned 127, expected 255
src/functional/clocale_mbfuncs.c:64: wcsrtombs/mbsrtowcs round trip failed
FAIL src/functional/clocale_mbfuncs-static.exe [status 1]
unexpected/unsupported option: -static
src/functional/clocale_mbfuncs.c:28: mbrtowc failed to convert byte 80 to wchar_t
src/functional/clocale_mbfuncs.c:30: btowc failed to convert byte 80 to wchar_t
src/functional/clocale_mbfuncs.c:28: mbrtowc failed to convert byte 81 to wchar_t
src/functional/clocale_mbfuncs.c:30: btowc failed to convert byte 81 to wchar_t
src/functional/clocale_mbfuncs.c:28: mbrtowc failed to convert byte 82 to wchar_t
src/functional/clocale_mbfuncs.c:30: btowc failed to convert byte 82 to wchar_t
src/functional/clocale_mbfuncs.c:28: mbrtowc failed to convert byte 83 to wchar_t
src/functional/clocale_mbfuncs.c:30: btowc failed to convert byte 83 to wchar_t
src/functional/clocale_mbfuncs.c:28: mbrtowc failed to convert byte 84 to wchar_t
src/functional/clocale_mbfuncs.c:30: btowc failed to convert byte 84 to wchar_t
src/functional/clocale_mbfuncs.c:28: mbrtowc failed to convert byte 85 to wchar_t
src/functional/clocale_mbfuncs.c:30: btowc failed to convert byte 85 to wchar_t
src/functional/clocale_mbfuncs.c:28: mbrtowc failed to convert byte 86 to wchar_t
src/functional/clocale_mbfuncs.c:30: btowc failed to convert byte 86 to wchar_t
src/functional/clocale_mbfuncs.c:28: mbrtowc failed to convert byte 87 to wchar_t
src/functional/clocale_mbfuncs.c:30: btowc failed to convert byte 87 to wchar_t
src/functional/clocale_mbfuncs.c:28: mbrtowc failed to convert byte 88 to wchar_t
src/functional/clocale_mbfuncs.c:30: btowc failed to convert byte 88 to wchar_t
src/functional/clocale_mbfuncs.c:28: mbrtowc failed to convert byte 89 to wchar_t
src/functional/clocale_mbfuncs.c:30: btowc failed to convert byte 89 to wchar_t
src/functional/clocale_mbfuncs.c:28: mbrtowc failed to convert byte 8a to wchar_t
src/functional/clocale_mbfuncs.c:30: btowc failed to convert byte 8a to wchar_t
src/functional/clocale_mbfuncs.c:28: mbrtowc failed to convert byte 8b to wchar_t
src/functional/clocale_mbfuncs.c:30: btowc failed to convert byte 8b to wchar_t
src/functional/clocale_mbfuncs.c:28: mbrtowc failed to convert byte 8c to wchar_t
src/functional/clocale_mbfuncs.c:30: btowc failed to convert byte 8c to wchar_t
src/functional/clocale_mbfuncs.c:28: mbrtowc failed to convert byte 8d to wchar_t
src/functional/clocale_mbfuncs.c:30: btowc failed to convert byte 8d to wchar_t
src/functional/clocale_mbfuncs.c:28: mbrtowc failed to convert byte 8e to wchar_t
src/functional/clocale_mbfuncs.c:30: btowc failed to convert byte 8e to wchar_t
src/functional/clocale_mbfuncs.c:28: mbrtowc failed to convert byte 8f to wchar_t
src/functional/clocale_mbfuncs.c:30: btowc failed to convert byte 8f to wchar_t
src/functional/clocale_mbfuncs.c:28: mbrtowc failed to convert byte 90 to wchar_t
src/functional/clocale_mbfuncs.c:30: btowc failed to convert byte 90 to wchar_t
src/functional/clocale_mbfuncs.c:28: mbrtowc failed to convert byte 91 to wchar_t
src/functional/clocale_mbfuncs.c:30: btowc failed to convert byte 91 to wchar_t
src/functional/clocale_mbfuncs.c:28: mbrtowc failed to convert byte 92 to wchar_t
src/functional/clocale_mbfuncs.c:30: btowc failed to convert byte 92 to wchar_t
src/functional/clocale_mbfuncs.c:28: mbrtowc failed to convert byte 93 to wchar_t
src/functional/clocale_mbfuncs.c:30: btowc failed to convert byte 93 to wchar_t
src/functional/clocale_mbfuncs.c:28: mbrtowc failed to convert byte 94 to wchar_t
src/functional/clocale_mbfuncs.c:30: btowc failed to convert byte 94 to wchar_t
src/functional/clocale_mbfuncs.c:28: mbrtowc failed to convert byte 95 to wchar_t
src/functional/clocale_mbfuncs.c:30: btowc failed to convert byte 95 to wchar_t
src/functional/clocale_mbfuncs.c:28: mbrtowc failed to convert byte 96 to wchar_t
src/functional/clocale_mbfuncs.c:30: btowc failed to convert byte 96 to wchar_t
src/functional/clocale_mbfuncs.c:28: mbrtowc failed to convert byte 97 to wchar_t
src/functional/clocale_mbfuncs.c:30: btowc failed to convert byte 97 to wchar_t
src/functional/clocale_mbfuncs.c:28: mbrtowc failed to convert byte 98 to wchar_t
src/functional/clocale_mbfuncs.c:30: btowc failed to convert byte 98 to wchar_t
src/functional/clocale_mbfuncs.c:28: mbrtowc failed to convert byte 99 to wchar_t
src/functional/clocale_mbfuncs.c:30: btowc failed to convert byte 99 to wchar_t
src/functional/clocale_mbfuncs.c:28: mbrtowc failed to convert byte 9a to wchar_t
src/functional/clocale_mbfuncs.c:30: btowc failed to convert byte 9a to wchar_t
src/functional/clocale_mbfuncs.c:28: mbrtowc failed to convert byte 9b to wchar_t
src/functional/clocale_mbfuncs.c:30: btowc failed to convert byte 9b to wchar_t
src/functional/clocale_mbfuncs.c:28: mbrtowc failed to convert byte 9c to wchar_t
src/functional/clocale_mbfuncs.c:30: btowc failed to convert byte 9c to wchar_t
src/functional/clocale_mbfuncs.c:28: mbrtowc failed to convert byte 9d to wchar_t
src/functional/clocale_mbfuncs.c:30: btowc failed to convert byte 9d to wchar_t
src/functional/clocale_mbfuncs.c:28: mbrtowc failed to convert byte 9e to wchar_t
src/functional/clocale_mbfuncs.c:30: btowc failed to convert byte 9e to wchar_t
src/functional/clocale_mbfuncs.c:28: mbrtowc failed to convert byte 9f to wchar_t
src/functional/clocale_mbfuncs.c:30: btowc failed to convert byte 9f to wchar_t
src/functional/clocale_mbfuncs.c:28: mbrtowc failed to convert byte a0 to wchar_t
src/functional/clocale_mbfuncs.c:30: btowc failed to convert byte a0 to wchar_t
src/functional/clocale_mbfuncs.c:28: mbrtowc failed to convert byte a1 to wchar_t
src/functional/clocale_mbfuncs.c:30: btowc failed to convert byte a1 to wchar_t
src/functional/clocale_mbfuncs.c:28: mbrtowc failed to convert byte a2 to wchar_t
src/functional/clocale_mbfuncs.c:30: btowc failed to convert byte a2 to wchar_t
src/functional/clocale_mbfuncs.c:28: mbrtowc failed to convert byte a3 to wchar_t
src/functional/clocale_mbfuncs.c:30: btowc failed to convert byte a3 to wchar_t
src/functional/clocale_mbfuncs.c:28: mbrtowc failed to convert byte a4 to wchar_t
src/functional/clocale_mbfuncs.c:30: btowc failed to convert byte a4 to wchar_t
src/functional/clocale_mbfuncs.c:28: mbrtowc failed to convert byte a5 to wchar_t
src/functional/clocale_mbfuncs.c:30: btowc failed to convert byte a5 to wchar_t
src/functional/clocale_mbfuncs.c:28: mbrtowc failed to convert byte a6 to wchar_t
src/functional/clocale_mbfuncs.c:30: btowc failed to convert byte a6 to wchar_t
src/functional/clocale_mbfuncs.c:28: mbrtowc failed to convert byte a7 to wchar_t
src/functional/clocale_mbfuncs.c:30: btowc failed to convert byte a7 to wchar_t
src/functional/clocale_mbfuncs.c:28: mbrtowc failed to convert byte a8 to wchar_t
src/functional/clocale_mbfuncs.c:30: btowc failed to convert byte a8 to wchar_t
src/functional/clocale_mbfuncs.c:28: mbrtowc failed to convert byte a9 to wchar_t
src/functional/clocale_mbfuncs.c:30: btowc failed to convert byte a9 to wchar_t
src/functional/clocale_mbfuncs.c:28: mbrtowc failed to convert byte aa to wchar_t
src/functional/clocale_mbfuncs.c:30: btowc failed to convert byte aa to wchar_t
src/functional/clocale_mbfuncs.c:28: mbrtowc failed to convert byte ab to wchar_t
src/functional/clocale_mbfuncs.c:30: btowc failed to convert byte ab to wchar_t
src/functional/clocale_mbfuncs.c:28: mbrtowc failed to convert byte ac to wchar_t
src/functional/clocale_mbfuncs.c:30: btowc failed to convert byte ac to wchar_t
src/functional/clocale_mbfuncs.c:28: mbrtowc failed to convert byte ad to wchar_t
src/functional/clocale_mbfuncs.c:30: btowc failed to convert byte ad to wchar_t
src/functional/clocale_mbfuncs.c:28: mbrtowc failed to convert byte ae to wchar_t
src/functional/clocale_mbfuncs.c:30: btowc failed to convert byte ae to wchar_t
src/functional/clocale_mbfuncs.c:28: mbrtowc failed to convert byte af to wchar_t
src/functional/clocale_mbfuncs.c:30: btowc failed to convert byte af to wchar_t
src/functional/clocale_mbfuncs.c:28: mbrtowc failed to convert byte b0 to wchar_t
src/functional/clocale_mbfuncs.c:30: btowc failed to convert byte b0 to wchar_t
src/functional/clocale_mbfuncs.c:28: mbrtowc failed to convert byte b1 to wchar_t
src/functional/clocale_mbfuncs.c:30: btowc failed to convert byte b1 to wchar_t
src/functional/clocale_mbfuncs.c:28: mbrtowc failed to convert byte b2 to wchar_t
src/functional/clocale_mbfuncs.c:30: btowc failed to convert byte b2 to wchar_t
src/functional/clocale_mbfuncs.c:28: mbrtowc failed to convert byte b3 to wchar_t
src/functional/clocale_mbfuncs.c:30: btowc failed to convert byte b3 to wchar_t
src/functional/clocale_mbfuncs.c:28: mbrtowc failed to convert byte b4 to wchar_t
src/functional/clocale_mbfuncs.c:30: btowc failed to convert byte b4 to wchar_t
src/functional/clocale_mbfuncs.c:28: mbrtowc failed to convert byte b5 to wchar_t
src/functional/clocale_mbfuncs.c:30: btowc failed to convert byte b5 to wchar_t
src/functional/clocale_mbfuncs.c:28: mbrtowc failed to convert byte b6 to wchar_t
src/functional/clocale_mbfuncs.c:30: btowc failed to convert byte b6 to wchar_t
src/functional/clocale_mbfuncs.c:28: mbrtowc failed to convert byte b7 to wchar_t
src/functional/clocale_mbfuncs.c:30: btowc failed to convert byte b7 to wchar_t
src/functional/clocale_mbfuncs.c:28: mbrtowc failed to convert byte b8 to wchar_t
src/functional/clocale_mbfuncs.c:30: btowc failed to convert byte b8 to wchar_t
src/functional/clocale_mbfuncs.c:28: mbrtowc failed to convert byte b9 to wchar_t
src/functional/clocale_mbfuncs.c:30: btowc failed to convert byte b9 to wchar_t
src/functional/clocale_mbfuncs.c:28: mbrtowc failed to convert byte ba to wchar_t
src/functional/clocale_mbfuncs.c:30: btowc failed to convert byte ba to wchar_t
src/functional/clocale_mbfuncs.c:28: mbrtowc failed to convert byte bb to wchar_t
src/functional/clocale_mbfuncs.c:30: btowc failed to convert byte bb to wchar_t
src/functional/clocale_mbfuncs.c:28: mbrtowc failed to convert byte bc to wchar_t
src/functional/clocale_mbfuncs.c:30: btowc failed to convert byte bc to wchar_t
src/functional/clocale_mbfuncs.c:28: mbrtowc failed to convert byte bd to wchar_t
src/functional/clocale_mbfuncs.c:30: btowc failed to convert byte bd to wchar_t
src/functional/clocale_mbfuncs.c:28: mbrtowc failed to convert byte be to wchar_t
src/functional/clocale_mbfuncs.c:30: btowc failed to convert byte be to wchar_t
src/functional/clocale_mbfuncs.c:28: mbrtowc failed to convert byte bf to wchar_t
src/functional/clocale_mbfuncs.c:30: btowc failed to convert byte bf to wchar_t
src/functional/clocale_mbfuncs.c:28: mbrtowc failed to convert byte c0 to wchar_t
src/functional/clocale_mbfuncs.c:30: btowc failed to convert byte c0 to wchar_t
src/functional/clocale_mbfuncs.c:28: mbrtowc failed to convert byte c1 to wchar_t
src/functional/clocale_mbfuncs.c:30: btowc failed to convert byte c1 to wchar_t
src/functional/clocale_mbfuncs.c:28: mbrtowc failed to convert byte c2 to wchar_t
src/functional/clocale_mbfuncs.c:30: btowc failed to convert byte c2 to wchar_t
src/functional/clocale_mbfuncs.c:28: mbrtowc failed to convert byte c3 to wchar_t
src/functional/clocale_mbfuncs.c:30: btowc failed to convert byte c3 to wchar_t
src/functional/clocale_mbfuncs.c:28: mbrtowc failed to convert byte c4 to wchar_t
src/functional/clocale_mbfuncs.c:30: btowc failed to convert byte c4 to wchar_t
src/functional/clocale_mbfuncs.c:28: mbrtowc failed to convert byte c5 to wchar_t
src/functional/clocale_mbfuncs.c:30: btowc failed to convert byte c5 to wchar_t
src/functional/clocale_mbfuncs.c:28: mbrtowc failed to convert byte c6 to wchar_t
src/functional/clocale_mbfuncs.c:30: btowc failed to convert byte c6 to wchar_t
src/functional/clocale_mbfuncs.c:28: mbrtowc failed to convert byte c7 to wchar_t
src/functional/clocale_mbfuncs.c:30: btowc failed to convert byte c7 to wchar_t
src/functional/clocale_mbfuncs.c:28: mbrtowc failed to convert byte c8 to wchar_t
src/functional/clocale_mbfuncs.c:30: btowc failed to convert byte c8 to wchar_t
src/functional/clocale_mbfuncs.c:28: mbrtowc failed to convert byte c9 to wchar_t
src/functional/clocale_mbfuncs.c:30: btowc failed to convert byte c9 to wchar_t
src/functional/clocale_mbfuncs.c:28: mbrtowc failed to convert byte ca to wchar_t
src/functional/clocale_mbfuncs.c:30: btowc failed to convert byte ca to wchar_t
src/functional/clocale_mbfuncs.c:28: mbrtowc failed to convert byte cb to wchar_t
src/functional/clocale_mbfuncs.c:30: btowc failed to convert byte cb to wchar_t
src/functional/clocale_mbfuncs.c:28: mbrtowc failed to convert byte cc to wchar_t
src/functional/clocale_mbfuncs.c:30: btowc failed to convert byte cc to wchar_t
src/functional/clocale_mbfuncs.c:28: mbrtowc failed to convert byte cd to wchar_t
src/functional/clocale_mbfuncs.c:30: btowc failed to convert byte cd to wchar_t
src/functional/clocale_mbfuncs.c:28: mbrtowc failed to convert byte ce to wchar_t
src/functional/clocale_mbfuncs.c:30: btowc failed to convert byte ce to wchar_t
src/functional/clocale_mbfuncs.c:28: mbrtowc failed to convert byte cf to wchar_t
src/functional/clocale_mbfuncs.c:30: btowc failed to convert byte cf to wchar_t
src/functional/clocale_mbfuncs.c:28: mbrtowc failed to convert byte d0 to wchar_t
src/functional/clocale_mbfuncs.c:30: btowc failed to convert byte d0 to wchar_t
src/functional/clocale_mbfuncs.c:28: mbrtowc failed to convert byte d1 to wchar_t
src/functional/clocale_mbfuncs.c:30: btowc failed to convert byte d1 to wchar_t
src/functional/clocale_mbfuncs.c:28: mbrtowc failed to convert byte d2 to wchar_t
src/functional/clocale_mbfuncs.c:30: btowc failed to convert byte d2 to wchar_t
src/functional/clocale_mbfuncs.c:28: mbrtowc failed to convert byte d3 to wchar_t
src/functional/clocale_mbfuncs.c:30: btowc failed to convert byte d3 to wchar_t
src/functional/clocale_mbfuncs.c:28: mbrtowc failed to convert byte d4 to wchar_t
src/functional/clocale_mbfuncs.c:30: btowc failed to convert byte d4 to wchar_t
src/functional/clocale_mbfuncs.c:28: mbrtowc failed to convert byte d5 to wchar_t
src/functional/clocale_mbfuncs.c:30: btowc failed to convert byte d5 to wchar_t
src/functional/clocale_mbfuncs.c:28: mbrtowc failed to convert byte d6 to wchar_t
src/functional/clocale_mbfuncs.c:30: btowc failed to convert byte d6 to wchar_t
src/functional/clocale_mbfuncs.c:28: mbrtowc failed to convert byte d7 to wchar_t
src/functional/clocale_mbfuncs.c:30: btowc failed to convert byte d7 to wchar_t
src/functional/clocale_mbfuncs.c:28: mbrtowc failed to convert byte d8 to wchar_t
src/functional/clocale_mbfuncs.c:30: btowc failed to convert byte d8 to wchar_t
src/functional/clocale_mbfuncs.c:28: mbrtowc failed to convert byte d9 to wchar_t
src/functional/clocale_mbfuncs.c:30: btowc failed to convert byte d9 to wchar_t
src/functional/clocale_mbfuncs.c:28: mbrtowc failed to convert byte da to wchar_t
src/functional/clocale_mbfuncs.c:30: btowc failed to convert byte da to wchar_t
src/functional/clocale_mbfuncs.c:28: mbrtowc failed to convert byte db to wchar_t
src/functional/clocale_mbfuncs.c:30: btowc failed to convert byte db to wchar_t
src/functional/clocale_mbfuncs.c:28: mbrtowc failed to convert byte dc to wchar_t
src/functional/clocale_mbfuncs.c:30: btowc failed to convert byte dc to wchar_t
src/functional/clocale_mbfuncs.c:28: mbrtowc failed to convert byte dd to wchar_t
src/functional/clocale_mbfuncs.c:30: btowc failed to convert byte dd to wchar_t
src/functional/clocale_mbfuncs.c:28: mbrtowc failed to convert byte de to wchar_t
src/functional/clocale_mbfuncs.c:30: btowc failed to convert byte de to wchar_t
src/functional/clocale_mbfuncs.c:28: mbrtowc failed to convert byte df to wchar_t
src/functional/clocale_mbfuncs.c:30: btowc failed to convert byte df to wchar_t
src/functional/clocale_mbfuncs.c:28: mbrtowc failed to convert byte e0 to wchar_t
src/functional/clocale_mbfuncs.c:30: btowc failed to convert byte e0 to wchar_t
src/functional/clocale_mbfuncs.c:28: mbrtowc failed to convert byte e1 to wchar_t
src/functional/clocale_mbfuncs.c:30: btowc failed to convert byte e1 to wchar_t
src/functional/clocale_mbfuncs.c:28: mbrtowc failed to convert byte e2 to wchar_t
src/functional/clocale_mbfuncs.c:30: btowc failed to convert byte e2 to wchar_t
src/functional/clocale_mbfuncs.c:28: mbrtowc failed to convert byte e3 to wchar_t
src/functional/clocale_mbfuncs.c:30: btowc failed to convert byte e3 to wchar_t
src/functional/clocale_mbfuncs.c:28: mbrtowc failed to convert byte e4 to wchar_t
src/functional/clocale_mbfuncs.c:30: btowc failed to convert byte e4 to wchar_t
src/functional/clocale_mbfuncs.c:28: mbrtowc failed to convert byte e5 to wchar_t
src/functional/clocale_mbfuncs.c:30: btowc failed to convert byte e5 to wchar_t
src/functional/clocale_mbfuncs.c:28: mbrtowc failed to convert byte e6 to wchar_t
src/functional/clocale_mbfuncs.c:30: btowc failed to convert byte e6 to wchar_t
src/functional/clocale_mbfuncs.c:28: mbrtowc failed to convert byte e7 to wchar_t
src/functional/clocale_mbfuncs.c:30: btowc failed to convert byte e7 to wchar_t
src/functional/clocale_mbfuncs.c:28: mbrtowc failed to convert byte e8 to wchar_t
src/functional/clocale_mbfuncs.c:30: btowc failed to convert byte e8 to wchar_t
src/functional/clocale_mbfuncs.c:28: mbrtowc failed to convert byte e9 to wchar_t
src/functional/clocale_mbfuncs.c:30: btowc failed to convert byte e9 to wchar_t
src/functional/clocale_mbfuncs.c:28: mbrtowc failed to convert byte ea to wchar_t
src/functional/clocale_mbfuncs.c:30: btowc failed to convert byte ea to wchar_t
src/functional/clocale_mbfuncs.c:28: mbrtowc failed to convert byte eb to wchar_t
src/functional/clocale_mbfuncs.c:30: btowc failed to convert byte eb to wchar_t
src/functional/clocale_mbfuncs.c:28: mbrtowc failed to convert byte ec to wchar_t
src/functional/clocale_mbfuncs.c:30: btowc failed to convert byte ec to wchar_t
src/functional/clocale_mbfuncs.c:28: mbrtowc failed to convert byte ed to wchar_t
src/functional/clocale_mbfuncs.c:30: btowc failed to convert byte ed to wchar_t
src/functional/clocale_mbfuncs.c:28: mbrtowc failed to convert byte ee to wchar_t
src/functional/clocale_mbfuncs.c:30: btowc failed to convert byte ee to wchar_t
src/functional/clocale_mbfuncs.c:28: mbrtowc failed to convert byte ef to wchar_t
src/functional/clocale_mbfuncs.c:30: btowc failed to convert byte ef to wchar_t
src/functional/clocale_mbfuncs.c:28: mbrtowc failed to convert byte f0 to wchar_t
src/functional/clocale_mbfuncs.c:30: btowc failed to convert byte f0 to wchar_t
src/functional/clocale_mbfuncs.c:28: mbrtowc failed to convert byte f1 to wchar_t
src/functional/clocale_mbfuncs.c:30: btowc failed to convert byte f1 to wchar_t
src/functional/clocale_mbfuncs.c:28: mbrtowc failed to convert byte f2 to wchar_t
src/functional/clocale_mbfuncs.c:30: btowc failed to convert byte f2 to wchar_t
src/functional/clocale_mbfuncs.c:28: mbrtowc failed to convert byte f3 to wchar_t
src/functional/clocale_mbfuncs.c:30: btowc failed to convert byte f3 to wchar_t
src/functional/clocale_mbfuncs.c:28: mbrtowc failed to convert byte f4 to wchar_t
src/functional/clocale_mbfuncs.c:30: btowc failed to convert byte f4 to wchar_t
src/functional/clocale_mbfuncs.c:28: mbrtowc failed to convert byte f5 to wchar_t
src/functional/clocale_mbfuncs.c:30: btowc failed to convert byte f5 to wchar_t
src/functional/clocale_mbfuncs.c:28: mbrtowc failed to convert byte f6 to wchar_t
src/functional/clocale_mbfuncs.c:30: btowc failed to convert byte f6 to wchar_t
src/functional/clocale_mbfuncs.c:28: mbrtowc failed to convert byte f7 to wchar_t
src/functional/clocale_mbfuncs.c:30: btowc failed to convert byte f7 to wchar_t
src/functional/clocale_mbfuncs.c:28: mbrtowc failed to convert byte f8 to wchar_t
src/functional/clocale_mbfuncs.c:30: btowc failed to convert byte f8 to wchar_t
src/functional/clocale_mbfuncs.c:28: mbrtowc failed to convert byte f9 to wchar_t
src/functional/clocale_mbfuncs.c:30: btowc failed to convert byte f9 to wchar_t
src/functional/clocale_mbfuncs.c:28: mbrtowc failed to convert byte fa to wchar_t
src/functional/clocale_mbfuncs.c:30: btowc failed to convert byte fa to wchar_t
src/functional/clocale_mbfuncs.c:28: mbrtowc failed to convert byte fb to wchar_t
src/functional/clocale_mbfuncs.c:30: btowc failed to convert byte fb to wchar_t
src/functional/clocale_mbfuncs.c:28: mbrtowc failed to convert byte fc to wchar_t
src/functional/clocale_mbfuncs.c:30: btowc failed to convert byte fc to wchar_t
src/functional/clocale_mbfuncs.c:28: mbrtowc failed to convert byte fd to wchar_t
src/functional/clocale_mbfuncs.c:30: btowc failed to convert byte fd to wchar_t
src/functional/clocale_mbfuncs.c:28: mbrtowc failed to convert byte fe to wchar_t
src/functional/clocale_mbfuncs.c:30: btowc failed to convert byte fe to wchar_t
src/functional/clocale_mbfuncs.c:28: mbrtowc failed to convert byte ff to wchar_t
src/functional/clocale_mbfuncs.c:30: btowc failed to convert byte ff to wchar_t
src/functional/clocale_mbfuncs.c:52: wcrtomb accepted non-image wchar_t e0000
src/functional/clocale_mbfuncs.c:52: wcrtomb accepted non-image wchar_t e0001
src/functional/clocale_mbfuncs.c:52: wcrtomb accepted non-image wchar_t e0002
src/functional/clocale_mbfuncs.c:52: wcrtomb accepted non-image wchar_t e0003
src/functional/clocale_mbfuncs.c:52: wcrtomb accepted non-image wchar_t e0004
src/functional/clocale_mbfuncs.c:52: wcrtomb accepted non-image wchar_t e0005
src/functional/clocale_mbfuncs.c:52: wcrtomb accepted non-image wchar_t e0006
src/functional/clocale_mbfuncs.c:52: wcrtomb accepted non-image wchar_t e0007
src/functional/clocale_mbfuncs.c:52: wcrtomb accepted non-image wchar_t e0008
src/functional/clocale_mbfuncs.c:52: wcrtomb accepted non-image wchar_t e0009
src/functional/clocale_mbfuncs.c:52: wcrtomb accepted non-image wchar_t e000a
src/functional/clocale_mbfuncs.c:52: wcrtomb accepted non-image wchar_t e000b
src/functional/clocale_mbfuncs.c:52: wcrtomb accepted non-image wchar_t e000c
src/functional/clocale_mbfuncs.c:52: wcrtomb accepted non-image wchar_t e000d
src/functional/clocale_mbfuncs.c:52: wcrtomb accepted non-image wchar_t e000e
src/functional/clocale_mbfuncs.c:52: wcrtomb accepted non-image wchar_t e000f
src/functional/clocale_mbfuncs.c:52: wcrtomb accepted non-image wchar_t e0010
src/functional/clocale_mbfuncs.c:52: wcrtomb accepted non-image wchar_t e0011
src/functional/clocale_mbfuncs.c:52: wcrtomb accepted non-image wchar_t e0012
src/functional/clocale_mbfuncs.c:52: wcrtomb accepted non-image wchar_t e0013
src/functional/clocale_mbfuncs.c:52: wcrtomb accepted non-image wchar_t e0014
src/functional/clocale_mbfuncs.c:52: wcrtomb accepted non-image wchar_t e0015
src/functional/clocale_mbfuncs.c:52: wcrtomb accepted non-image wchar_t e0016
src/functional/clocale_mbfuncs.c:52: wcrtomb accepted non-image wchar_t e0017
src/functional/clocale_mbfuncs.c:52: wcrtomb accepted non-image wchar_t e0018
src/functional/clocale_mbfuncs.c:52: wcrtomb accepted non-image wchar_t e0019
src/functional/clocale_mbfuncs.c:52: wcrtomb accepted non-image wchar_t e001a
src/functional/clocale_mbfuncs.c:52: wcrtomb accepted non-image wchar_t e001b
src/functional/clocale_mbfuncs.c:52: wcrtomb accepted non-image wchar_t e001c
src/functional/clocale_mbfuncs.c:52: wcrtomb accepted non-image wchar_t e001d
src/functional/clocale_mbfuncs.c:52: wcrtomb accepted non-image wchar_t e001e
src/functional/clocale_mbfuncs.c:52: wcrtomb accepted non-image wchar_t e001f
src/functional/clocale_mbfuncs.c:52: wcrtomb accepted non-image wchar_t e0020
src/functional/clocale_mbfuncs.c:52: wcrtomb accepted non-image wchar_t e0021
src/functional/clocale_mbfuncs.c:52: wcrtomb accepted non-image wchar_t e0022
src/functional/clocale_mbfuncs.c:52: wcrtomb accepted non-image wchar_t e0023
src/functional/clocale_mbfuncs.c:52: wcrtomb accepted non-image wchar_t e0024
src/functional/clocale_mbfuncs.c:52: wcrtomb accepted non-image wchar_t e0025
src/functional/clocale_mbfuncs.c:52: wcrtomb accepted non-image wchar_t e0026
src/functional/clocale_mbfuncs.c:52: wcrtomb accepted non-image wchar_t e0027
src/functional/clocale_mbfuncs.c:52: wcrtomb accepted non-image wchar_t e0028
src/functional/clocale_mbfuncs.c:52: wcrtomb accepted non-image wchar_t e0029
src/functional/clocale_mbfuncs.c:52: wcrtomb accepted non-image wchar_t e002a
src/functional/clocale_mbfuncs.c:52: wcrtomb accepted non-image wchar_t e002b
src/functional/clocale_mbfuncs.c:52: wcrtomb accepted non-image wchar_t e002c
src/functional/clocale_mbfuncs.c:52: wcrtomb accepted non-image wchar_t e002d
src/functional/clocale_mbfuncs.c:52: wcrtomb accepted non-image wchar_t e002e
src/functional/clocale_mbfuncs.c:52: wcrtomb accepted non-image wchar_t e002f
src/functional/clocale_mbfuncs.c:52: wcrtomb accepted non-image wchar_t e0030
src/functional/clocale_mbfuncs.c:52: wcrtomb accepted non-image wchar_t e0031
src/functional/clocale_mbfuncs.c:55: additional 128 non-image errors (not printed)
src/functional/clocale_mbfuncs.c:60: wcsrtombs returned -1, expected 255
src/functional/clocale_mbfuncs.c:62: mbsrtowcs returned 127, expected 255
src/functional/clocale_mbfuncs.c:64: wcsrtombs/mbsrtowcs round trip failed
FAIL src/functional/clocale_mbfuncs.exe [status 1]
unexpected/unsupported option: -static
src/functional/crypt.c:21: crypt("", "$2a$00$0123456789012345678901") failed: got "*0" want "*"
src/functional/crypt.c:23: crypt("", "$2a$08$01234567890123456789") failed: got "*0" want "*"
src/functional/crypt.c:43: crypt("a", "$5$rounds=1$") failed: got "*0" want "$5$rounds=1000$$ZIwsx59lFMWVo3Yt6IxpZVn0IhpY8Yg4gxC21zUDBI4"
src/functional/crypt.c:44: crypt("a", "$5$rounds=00001234$") failed: got "*0" want "$5$rounds=1234$$i.IiuqtWmTzupHAZtfV/PB33Usz.MwGHq9BKFAEj.B3"
src/functional/crypt.c:61: crypt("the minimum number is still observed", "$5$rounds=10$roundstoolow") failed: got "*0" want "$5$rounds=1000$roundstoolow$yfvwcWrQ8l/K0DAWyuPMDNHpIVlTQebY9l/gL972bIC"
src/functional/crypt.c:77: crypt("a", "$6$rounds=1$") failed: got "*0" want "$6$rounds=1000$$hETGMQQ5sXu1md3PrmRCM4AxTgbNpYQaIhk4xQzvCiNfeogfCR9PZGSRXghUOxMAPFU2wuz/ZLafIHrHopO.60"
src/functional/crypt.c:79: crypt("a", "$6$rounds=00001234$") failed: got "*0" want "$6$rounds=1234$$.9spjeVb1fINMikxgAZEpur.ZQ/Gte./HuKWm2sAZ37eK3e1.ZdfRuatKdR/H..lKQfb2AB.RtHh7xKm.FE2J."
src/functional/crypt.c:97: crypt("the minimum number is still observed", "$6$rounds=10$roundstoolow") failed: got "*0" want "$6$rounds=1000$roundstoolow$kUMsbe306n21p9R.FRkW3IGn.S9NPN0x50YhH1xhLsPuWGsUSklZt58jaTfF4ZEQpyUNGc0dqbpBYYBaHHrsX."
FAIL src/functional/crypt-static.exe [status 1]
unexpected/unsupported option: -static
src/functional/crypt.c:21: crypt("", "$2a$00$0123456789012345678901") failed: got "*0" want "*"
src/functional/crypt.c:23: crypt("", "$2a$08$01234567890123456789") failed: got "*0" want "*"
src/functional/crypt.c:43: crypt("a", "$5$rounds=1$") failed: got "*0" want "$5$rounds=1000$$ZIwsx59lFMWVo3Yt6IxpZVn0IhpY8Yg4gxC21zUDBI4"
src/functional/crypt.c:44: crypt("a", "$5$rounds=00001234$") failed: got "*0" want "$5$rounds=1234$$i.IiuqtWmTzupHAZtfV/PB33Usz.MwGHq9BKFAEj.B3"
src/functional/crypt.c:61: crypt("the minimum number is still observed", "$5$rounds=10$roundstoolow") failed: got "*0" want "$5$rounds=1000$roundstoolow$yfvwcWrQ8l/K0DAWyuPMDNHpIVlTQebY9l/gL972bIC"
src/functional/crypt.c:77: crypt("a", "$6$rounds=1$") failed: got "*0" want "$6$rounds=1000$$hETGMQQ5sXu1md3PrmRCM4AxTgbNpYQaIhk4xQzvCiNfeogfCR9PZGSRXghUOxMAPFU2wuz/ZLafIHrHopO.60"
src/functional/crypt.c:79: crypt("a", "$6$rounds=00001234$") failed: got "*0" want "$6$rounds=1234$$.9spjeVb1fINMikxgAZEpur.ZQ/Gte./HuKWm2sAZ37eK3e1.ZdfRuatKdR/H..lKQfb2AB.RtHh7xKm.FE2J."
src/functional/crypt.c:97: crypt("the minimum number is still observed", "$6$rounds=10$roundstoolow") failed: got "*0" want "$6$rounds=1000$roundstoolow$kUMsbe306n21p9R.FRkW3IGn.S9NPN0x50YhH1xhLsPuWGsUSklZt58jaTfF4ZEQpyUNGc0dqbpBYYBaHHrsX."
FAIL src/functional/crypt.exe [status 1]
unexpected/unsupported option: -static
src/functional/dlopen.c:18: dlopen src/functional/dlopen_dso.so failed: src/functional/dlopen_dso.so: cannot open shared object file: No such file or directory
src/functional/dlopen.c:21: dlsym i failed: src/functional/dlopen.exe: undefined symbol: i
FAIL src/functional/dlopen.exe [signal Segmentation fault]
unexpected/unsupported option: -rdynamic
/usr/bin/ld: i386:x86-64 architecture of input file `src/functional/dlopen_dso.lo' is incompatible with i386 output
/usr/bin/ld: src/functional/dlopen_dso.lo: file class ELFCLASS64 incompatible with ELFCLASS32
/usr/bin/ld: final link failed: file in wrong format
collect2: error: ld returned 1 exit status
exit status 1
unexpected/unsupported option: -static
unexpected/unsupported option: -static
unexpected/unsupported option: -static
src/functional/fnmatch.c:156: fnmatch("[[?*\]", "\", 0) failed, got 1 want 0
src/functional/fnmatch.c:156: fnmatch("[]?*\]", "]", 0) failed, got 1 want 0
src/functional/fnmatch.c:156: fnmatch("*[![:digit:]]*/[![:d-d]", "a/b", FNM_PATHNAME) failed, got 0 want -1
src/functional/fnmatch.c:156: fnmatch("*[![:digit:]]*/[[:d-d]", "a/[", FNM_PATHNAME) failed, got 0 want -1
src/functional/fnmatch.c:156: fnmatch("\", "\", 0) failed, got 1 want 0
FAIL src/functional/fnmatch-static.exe [status 1]
unexpected/unsupported option: -static
src/functional/fnmatch.c:156: fnmatch("[[?*\]", "\", 0) failed, got 1 want 0
src/functional/fnmatch.c:156: fnmatch("[]?*\]", "]", 0) failed, got 1 want 0
src/functional/fnmatch.c:156: fnmatch("*[![:digit:]]*/[![:d-d]", "a/b", FNM_PATHNAME) failed, got 0 want -1
src/functional/fnmatch.c:156: fnmatch("*[![:digit:]]*/[[:d-d]", "a/[", FNM_PATHNAME) failed, got 0 want -1
src/functional/fnmatch.c:156: fnmatch("\", "\", 0) failed, got 1 want 0
FAIL src/functional/fnmatch.exe [status 1]
src/functional/fscanf.c:52: fscanf(f, "ld %5i%2i", &x, &y) failed (got 2 fields, expected 1)
src/functional/fscanf.c:88: fscanf(f, "%lf%n %d", &u, &x, &y) failed (2 != 0)
src/functional/fscanf.c:89: u failed (1 != -1)
src/functional/fscanf.c:90: x failed (4 != -1)
src/functional/fscanf.c:91: y failed (12 != -1)
src/functional/fscanf.c:92: ftell(f) failed (7 != 4)
src/functional/fscanf.c:93: feof(f) failed (1 != 0)
src/functional/fscanf.c:94: fgetc(f) failed (-1 != 32)
src/functional/fscanf.c:124: fscanf(f, "%x%n", &x, &y) failed (1 != 0)
src/functional/fscanf.c:125: x failed (0 != -1)
src/functional/fscanf.c:126: y failed (2 != -1)
FAIL src/functional/fscanf-static.exe [status 1]
unexpected/unsupported option: -static
src/functional/fscanf.c:52: fscanf(f, "ld %5i%2i", &x, &y) failed (got 2 fields, expected 1)
src/functional/fscanf.c:88: fscanf(f, "%lf%n %d", &u, &x, &y) failed (2 != 0)
src/functional/fscanf.c:89: u failed (1 != -1)
src/functional/fscanf.c:90: x failed (4 != -1)
src/functional/fscanf.c:91: y failed (12 != -1)
src/functional/fscanf.c:92: ftell(f) failed (7 != 4)
src/functional/fscanf.c:93: feof(f) failed (1 != 0)
src/functional/fscanf.c:94: fgetc(f) failed (-1 != 32)
src/functional/fscanf.c:124: fscanf(f, "%x%n", &x, &y) failed (1 != 0)
src/functional/fscanf.c:125: x failed (0 != -1)
src/functional/fscanf.c:126: y failed (2 != -1)
FAIL src/functional/fscanf.exe [status 1]
src/functional/fwscanf.c:71: fwscanf(f, L"%lf%n %d", &u, &x, &y) failed (2 != 0)
src/functional/fwscanf.c:72: u failed (1 != -1)
src/functional/fwscanf.c:73: x failed (4 != -1)
src/functional/fwscanf.c:74: y failed (12 != -1)
src/functional/fwscanf.c:75: ftell(f) failed (7 != 4)
src/functional/fwscanf.c:76: feof(f) failed (1 != 0)
src/functional/fwscanf.c:77: fgetwc(f) failed (-1 != 32)
src/functional/fwscanf.c:107: fwscanf(f, L"%x%n", &x, &y) failed (1 != 0)
src/functional/fwscanf.c:108: x failed (0 != -1)
src/functional/fwscanf.c:109: y failed (2 != -1)
FAIL src/functional/fwscanf-static.exe [status 1]
unexpected/unsupported option: -static
src/functional/fwscanf.c:71: fwscanf(f, L"%lf%n %d", &u, &x, &y) failed (2 != 0)
src/functional/fwscanf.c:72: u failed (1 != -1)
src/functional/fwscanf.c:73: x failed (4 != -1)
src/functional/fwscanf.c:74: y failed (12 != -1)
src/functional/fwscanf.c:75: ftell(f) failed (7 != 4)
src/functional/fwscanf.c:76: feof(f) failed (1 != 0)
src/functional/fwscanf.c:77: fgetwc(f) failed (-1 != 32)
src/functional/fwscanf.c:107: fwscanf(f, L"%x%n", &x, &y) failed (1 != 0)
src/functional/fwscanf.c:108: x failed (0 != -1)
src/functional/fwscanf.c:109: y failed (2 != -1)
FAIL src/functional/fwscanf.exe [status 1]
unexpected/unsupported option: -static
unexpected/unsupported option: -static
unexpected/unsupported option: -static
unexpected/unsupported option: -static
unexpected/unsupported option: -static
unexpected/unsupported option: -static
unexpected/unsupported option: -static
unexpected/unsupported option: -static
src/functional/pthread_cancel-points.c:141: res == PTHREAD_CANCELED failed (non-blocking pthread_join, canceled thread exit status)
FAIL src/functional/pthread_cancel-points-static.exe [status 1]
unexpected/unsupported option: -static
src/functional/pthread_cancel-points.c:141: res == PTHREAD_CANCELED failed (non-blocking pthread_join, canceled thread exit status)
FAIL src/functional/pthread_cancel-points.exe [status 1]
src/functional/pthread_cancel-points.o.go:654:9: undefined: "pthread_create" external (ccgo.go:180:Main: exec.go:144:execed: exec.go:404:cc: ccgo.go:560:main: link.go:302:link: link.go:789:link:)
src/functional/pthread_cancel-points.o.go:687:10: undefined: "pthread_join" external (ccgo.go:180:Main: exec.go:144:execed: exec.go:404:cc: ccgo.go:560:main: link.go:302:link: link.go:789:link:)
src/functional/pthread_cancel-points.o.go:893:2: undefined: "pthread_setcancelstate" external (ccgo.go:180:Main: exec.go:144:execed: exec.go:404:cc: ccgo.go:560:main: link.go:302:link: link.go:789:link:)
src/functional/pthread_cancel-points.o.go:996:10: undefined: "pthread_cancel" external (ccgo.go:180:Main: exec.go:144:execed: exec.go:404:cc: ccgo.go:560:main: link.go:302:link: link.go:789:link:) (ccgo.go:180:Main: exec.go:144:execed: exec.go:404:cc: ccgo.go:560:main: link.go:302:link: link.go:792:link:)
unexpected/unsupported option: -static
src/functional/pthread_cancel.o.go:508:2: undefined: "pthread_setcanceltype" external (ccgo.go:180:Main: exec.go:144:execed: exec.go:404:cc: ccgo.go:560:main: link.go:302:link: link.go:789:link:)
src/functional/pthread_cancel.o.go:572:2: undefined: "_pthread_cleanup_push" external (ccgo.go:180:Main: exec.go:144:execed: exec.go:404:cc: ccgo.go:560:main: link.go:302:link: link.go:789:link:)
src/functional/pthread_cancel.o.go:578:2: undefined: "_pthread_cleanup_pop" external (ccgo.go:180:Main: exec.go:144:execed: exec.go:404:cc: ccgo.go:560:main: link.go:302:link: link.go:789:link:)
src/functional/pthread_cancel.o.go:661:9: undefined: "pthread_create" external (ccgo.go:180:Main: exec.go:144:execed: exec.go:404:cc: ccgo.go:560:main: link.go:302:link: link.go:789:link:)
src/functional/pthread_cancel.o.go:672:9: undefined: "pthread_cancel" external (ccgo.go:180:Main: exec.go:144:execed: exec.go:404:cc: ccgo.go:560:main: link.go:302:link: link.go:789:link:)
src/functional/pthread_cancel.o.go:679:9: undefined: "pthread_join" external (ccgo.go:180:Main: exec.go:144:execed: exec.go:404:cc: ccgo.go:560:main: link.go:302:link: link.go:789:link:) (ccgo.go:180:Main: exec.go:144:execed: exec.go:404:cc: ccgo.go:560:main: link.go:302:link: link.go:792:link:)
src/functional/pthread_cancel.o.go:572:2: undefined: "pthread_cleanup_push" meta (link.go:1486:print0: link.go:1491:print0: link.go:1486:print0: link.go:1486:print0: link.go:1486:print0: link.go:1434:print0:)
src/functional/pthread_cancel.o.go:578:2: undefined: "pthread_cleanup_pop" meta (link.go:1486:print0: link.go:1491:print0: link.go:1486:print0: link.go:1486:print0: link.go:1486:print0: link.go:1434:print0:)
unexpected/unsupported option: -static
src/functional/pthread_cond.o.go:469:2: undefined: "pthread_mutex_lock" external (ccgo.go:180:Main: exec.go:144:execed: exec.go:404:cc: ccgo.go:560:main: link.go:302:link: link.go:789:link:)
src/functional/pthread_cond.o.go:471:2: undefined: "pthread_cond_signal" external (ccgo.go:180:Main: exec.go:144:execed: exec.go:404:cc: ccgo.go:560:main: link.go:302:link: link.go:789:link:)
src/functional/pthread_cond.o.go:473:2: undefined: "pthread_mutex_unlock" external (ccgo.go:180:Main: exec.go:144:execed: exec.go:404:cc: ccgo.go:560:main: link.go:302:link: link.go:789:link:)
src/functional/pthread_cond.o.go:502:3: undefined: "pthread_cond_wait" external (ccgo.go:180:Main: exec.go:144:execed: exec.go:404:cc: ccgo.go:560:main: link.go:302:link: link.go:789:link:)
src/functional/pthread_cond.o.go:531:9: undefined: "pthread_mutex_init" external (ccgo.go:180:Main: exec.go:144:execed: exec.go:404:cc: ccgo.go:560:main: link.go:302:link: link.go:789:link:)
src/functional/pthread_cond.o.go:538:9: undefined: "pthread_cond_init" external (ccgo.go:180:Main: exec.go:144:execed: exec.go:404:cc: ccgo.go:560:main: link.go:302:link: link.go:789:link:)
src/functional/pthread_cond.o.go:556:9: undefined: "pthread_create" external (ccgo.go:180:Main: exec.go:144:execed: exec.go:404:cc: ccgo.go:560:main: link.go:302:link: link.go:789:link:)
src/functional/pthread_cond.o.go:570:10: undefined: "pthread_join" external (ccgo.go:180:Main: exec.go:144:execed: exec.go:404:cc: ccgo.go:560:main: link.go:302:link: link.go:789:link:)
src/functional/pthread_cond.o.go:584:10: undefined: "pthread_mutex_destroy" external (ccgo.go:180:Main: exec.go:144:execed: exec.go:404:cc: ccgo.go:560:main: link.go:302:link: link.go:789:link:)
src/functional/pthread_cond.o.go:591:10: undefined: "pthread_cond_destroy" external (ccgo.go:180:Main: exec.go:144:execed: exec.go:404:cc: ccgo.go:560:main: link.go:302:link: link.go:789:link:)
src/functional/pthread_cond.o.go:860:10: undefined: "pthread_cond_broadcast" external (ccgo.go:180:Main: exec.go:144:execed: exec.go:404:cc: ccgo.go:560:main: link.go:302:link: link.go:789:link:) (ccgo.go:180:Main: exec.go:144:execed: exec.go:404:cc: ccgo.go:560:main: link.go:302:link: link.go:792:link:)
unexpected/unsupported option: -static
src/functional/pthread_mutex.o.go:595:9: undefined: "pthread_mutex_lock" external (ccgo.go:180:Main: exec.go:144:execed: exec.go:404:cc: ccgo.go:560:main: link.go:302:link: link.go:789:link:)
src/functional/pthread_mutex.o.go:614:9: undefined: "pthread_mutex_unlock" external (ccgo.go:180:Main: exec.go:144:execed: exec.go:404:cc: ccgo.go:560:main: link.go:302:link: link.go:789:link:)
src/functional/pthread_mutex.o.go:659:9: undefined: "pthread_mutexattr_init" external (ccgo.go:180:Main: exec.go:144:execed: exec.go:404:cc: ccgo.go:560:main: link.go:302:link: link.go:789:link:)
src/functional/pthread_mutex.o.go:666:9: undefined: "pthread_mutexattr_settype" external (ccgo.go:180:Main: exec.go:144:execed: exec.go:404:cc: ccgo.go:560:main: link.go:302:link: link.go:789:link:)
src/functional/pthread_mutex.o.go:673:9: undefined: "pthread_mutex_init" external (ccgo.go:180:Main: exec.go:144:execed: exec.go:404:cc: ccgo.go:560:main: link.go:302:link: link.go:789:link:)
src/functional/pthread_mutex.o.go:680:9: undefined: "pthread_mutexattr_destroy" external (ccgo.go:180:Main: exec.go:144:execed: exec.go:404:cc: ccgo.go:560:main: link.go:302:link: link.go:789:link:)
src/functional/pthread_mutex.o.go:692:9: undefined: "pthread_create" external (ccgo.go:180:Main: exec.go:144:execed: exec.go:404:cc: ccgo.go:560:main: link.go:302:link: link.go:789:link:)
src/functional/pthread_mutex.o.go:734:9: undefined: "pthread_join" external (ccgo.go:180:Main: exec.go:144:execed: exec.go:404:cc: ccgo.go:560:main: link.go:302:link: link.go:789:link:)
src/functional/pthread_mutex.o.go:741:9: undefined: "pthread_mutex_destroy" external (ccgo.go:180:Main: exec.go:144:execed: exec.go:404:cc: ccgo.go:560:main: link.go:302:link: link.go:789:link:)
src/functional/pthread_mutex.o.go:954:9: undefined: "pthread_mutexattr_gettype" external (ccgo.go:180:Main: exec.go:144:execed: exec.go:404:cc: ccgo.go:560:main: link.go:302:link: link.go:789:link:) (ccgo.go:180:Main: exec.go:144:execed: exec.go:404:cc: ccgo.go:560:main: link.go:302:link: link.go:792:link:)
unexpected/unsupported option: -static
src/functional/pthread_mutex_pi.o.go:598:9: undefined: "pthread_mutex_lock" external (ccgo.go:180:Main: exec.go:144:execed: exec.go:404:cc: ccgo.go:560:main: link.go:302:link: link.go:789:link:)
src/functional/pthread_mutex_pi.o.go:617:9: undefined: "pthread_mutex_unlock" external (ccgo.go:180:Main: exec.go:144:execed: exec.go:404:cc: ccgo.go:560:main: link.go:302:link: link.go:789:link:)
src/functional/pthread_mutex_pi.o.go:662:9: undefined: "pthread_mutexattr_init" external (ccgo.go:180:Main: exec.go:144:execed: exec.go:404:cc: ccgo.go:560:main: link.go:302:link: link.go:789:link:)
src/functional/pthread_mutex_pi.o.go:669:9: undefined: "pthread_mutexattr_settype" external (ccgo.go:180:Main: exec.go:144:execed: exec.go:404:cc: ccgo.go:560:main: link.go:302:link: link.go:789:link:)
src/functional/pthread_mutex_pi.o.go:676:9: undefined: "pthread_mutexattr_setprotocol" external (ccgo.go:180:Main: exec.go:144:execed: exec.go:404:cc: ccgo.go:560:main: link.go:302:link: link.go:789:link:)
src/functional/pthread_mutex_pi.o.go:683:9: undefined: "pthread_mutex_init" external (ccgo.go:180:Main: exec.go:144:execed: exec.go:404:cc: ccgo.go:560:main: link.go:302:link: link.go:789:link:)
src/functional/pthread_mutex_pi.o.go:690:9: undefined: "pthread_mutexattr_destroy" external (ccgo.go:180:Main: exec.go:144:execed: exec.go:404:cc: ccgo.go:560:main: link.go:302:link: link.go:789:link:)
src/functional/pthread_mutex_pi.o.go:702:9: undefined: "pthread_create" external (ccgo.go:180:Main: exec.go:144:execed: exec.go:404:cc: ccgo.go:560:main: link.go:302:link: link.go:789:link:)
src/functional/pthread_mutex_pi.o.go:744:9: undefined: "pthread_join" external (ccgo.go:180:Main: exec.go:144:execed: exec.go:404:cc: ccgo.go:560:main: link.go:302:link: link.go:789:link:)
src/functional/pthread_mutex_pi.o.go:751:9: undefined: "pthread_mutex_destroy" external (ccgo.go:180:Main: exec.go:144:execed: exec.go:404:cc: ccgo.go:560:main: link.go:302:link: link.go:789:link:)
src/functional/pthread_mutex_pi.o.go:978:9: undefined: "pthread_mutexattr_gettype" external (ccgo.go:180:Main: exec.go:144:execed: exec.go:404:cc: ccgo.go:560:main: link.go:302:link: link.go:789:link:) (ccgo.go:180:Main: exec.go:144:execed: exec.go:404:cc: ccgo.go:560:main: link.go:302:link: link.go:792:link:)
unexpected/unsupported option: -static
src/functional/pthread_robust.o.go:479:2: undefined: "pthread_mutex_lock" external (ccgo.go:180:Main: exec.go:144:execed: exec.go:404:cc: ccgo.go:560:main: link.go:302:link: link.go:789:link:)
src/functional/pthread_robust.o.go:499:2: undefined: "pthread_barrier_wait" external (ccgo.go:180:Main: exec.go:144:execed: exec.go:404:cc: ccgo.go:560:main: link.go:302:link: link.go:789:link:)
src/functional/pthread_robust.o.go:525:9: undefined: "pthread_barrier_init" external (ccgo.go:180:Main: exec.go:144:execed: exec.go:404:cc: ccgo.go:560:main: link.go:302:link: link.go:789:link:)
src/functional/pthread_robust.o.go:534:9: undefined: "pthread_mutexattr_init" external (ccgo.go:180:Main: exec.go:144:execed: exec.go:404:cc: ccgo.go:560:main: link.go:302:link: link.go:789:link:)
src/functional/pthread_robust.o.go:541:9: undefined: "pthread_mutexattr_setrobust" external (ccgo.go:180:Main: exec.go:144:execed: exec.go:404:cc: ccgo.go:560:main: link.go:302:link: link.go:789:link:)
src/functional/pthread_robust.o.go:550:10: undefined: "pthread_mutexattr_setpshared" external (ccgo.go:180:Main: exec.go:144:execed: exec.go:404:cc: ccgo.go:560:main: link.go:302:link: link.go:789:link:)
src/functional/pthread_robust.o.go:560:10: undefined: "pthread_mutexattr_setprotocol" external (ccgo.go:180:Main: exec.go:144:execed: exec.go:404:cc: ccgo.go:560:main: link.go:302:link: link.go:789:link:)
src/functional/pthread_robust.o.go:568:10: undefined: "pthread_mutex_init" external (ccgo.go:180:Main: exec.go:144:execed: exec.go:404:cc: ccgo.go:560:main: link.go:302:link: link.go:789:link:)
src/functional/pthread_robust.o.go:582:10: undefined: "pthread_mutex_unlock" external (ccgo.go:180:Main: exec.go:144:execed: exec.go:404:cc: ccgo.go:560:main: link.go:302:link: link.go:789:link:)
src/functional/pthread_robust.o.go:589:10: undefined: "pthread_create" external (ccgo.go:180:Main: exec.go:144:execed: exec.go:404:cc: ccgo.go:560:main: link.go:302:link: link.go:789:link:)
src/functional/pthread_robust.o.go:596:10: undefined: "pthread_join" external (ccgo.go:180:Main: exec.go:144:execed: exec.go:404:cc: ccgo.go:560:main: link.go:302:link: link.go:789:link:)
src/functional/pthread_robust.o.go:624:10: undefined: "pthread_mutex_destroy" external (ccgo.go:180:Main: exec.go:144:execed: exec.go:404:cc: ccgo.go:560:main: link.go:302:link: link.go:789:link:)
src/functional/pthread_robust.o.go:659:10: undefined: "pthread_mutex_consistent" external (ccgo.go:180:Main: exec.go:144:execed: exec.go:404:cc: ccgo.go:560:main: link.go:302:link: link.go:789:link:)
src/functional/pthread_robust.o.go:712:10: undefined: "pthread_barrier_destroy" external (ccgo.go:180:Main: exec.go:144:execed: exec.go:404:cc: ccgo.go:560:main: link.go:302:link: link.go:789:link:) (ccgo.go:180:Main: exec.go:144:execed: exec.go:404:cc: ccgo.go:560:main: link.go:302:link: link.go:792:link:)
unexpected/unsupported option: -static
src/functional/pthread_tsd.o.go:487:5: undefined: "pthread_setspecific" external (ccgo.go:180:Main: exec.go:144:execed: exec.go:404:cc: ccgo.go:560:main: link.go:302:link: link.go:789:link:)
src/functional/pthread_tsd.o.go:512:9: undefined: "pthread_key_create" external (ccgo.go:180:Main: exec.go:144:execed: exec.go:404:cc: ccgo.go:560:main: link.go:302:link: link.go:789:link:)
src/functional/pthread_tsd.o.go:544:10: undefined: "pthread_create" external (ccgo.go:180:Main: exec.go:144:execed: exec.go:404:cc: ccgo.go:560:main: link.go:302:link: link.go:789:link:)
src/functional/pthread_tsd.o.go:551:10: undefined: "pthread_join" external (ccgo.go:180:Main: exec.go:144:execed: exec.go:404:cc: ccgo.go:560:main: link.go:302:link: link.go:789:link:)
src/functional/pthread_tsd.o.go:577:13: undefined: "pthread_getspecific" external (ccgo.go:180:Main: exec.go:144:execed: exec.go:404:cc: ccgo.go:560:main: link.go:302:link: link.go:789:link:)
src/functional/pthread_tsd.o.go:602:10: undefined: "pthread_key_delete" external (ccgo.go:180:Main: exec.go:144:execed: exec.go:404:cc: ccgo.go:560:main: link.go:302:link: link.go:789:link:) (ccgo.go:180:Main: exec.go:144:execed: exec.go:404:cc: ccgo.go:560:main: link.go:302:link: link.go:792:link:)
unexpected/unsupported option: -static
unexpected/unsupported option: -static
unexpected/unsupported option: -static
unexpected/unsupported option: -static
unexpected/unsupported option: -static
unexpected/unsupported option: -static
unexpected/unsupported option: -static
src/functional/sem_init.o.go:567:9: undefined: "pthread_create" external (ccgo.go:180:Main: exec.go:144:execed: exec.go:404:cc: ccgo.go:560:main: link.go:302:link: link.go:789:link:)
src/functional/sem_init.o.go:628:9: undefined: "pthread_join" external (ccgo.go:180:Main: exec.go:144:execed: exec.go:404:cc: ccgo.go:560:main: link.go:302:link: link.go:789:link:) (ccgo.go:180:Main: exec.go:144:execed: exec.go:404:cc: ccgo.go:560:main: link.go:302:link: link.go:792:link:)
FAIL src/functional/sem_open-static.exe [signal Segmentation fault]
unexpected/unsupported option: -static
unexpected/unsupported option: -static
src/functional/setjmp.o.go:672:7: undefined: "sigsetjmp" external (ccgo.go:180:Main: exec.go:144:execed: exec.go:404:cc: ccgo.go:560:main: link.go:302:link: link.go:789:link:) (ccgo.go:180:Main: exec.go:144:execed: exec.go:404:cc: ccgo.go:560:main: link.go:302:link: link.go:792:link:)
unexpected/unsupported option: -static
unexpected/unsupported option: -static
unexpected/unsupported option: -static
src/functional/sscanf.c:39: sscanf("hello, world\n", "%8c%8c", a, b) failed (2 fields, expected 1)
src/functional/sscanf.c:66: sscanf(" 0x12 0x34", "%5i%2i", &x, &y) failed (got 2 fields, expected 1)
src/functional/sscanf.c:83: sscanf("10e", "%lf", &d) failed (got 1 fields, expected no match (0))
FAIL src/functional/sscanf-static.exe [status 1]
unexpected/unsupported option: -static
src/functional/sscanf.c:39: sscanf("hello, world\n", "%8c%8c", a, b) failed (2 fields, expected 1)
src/functional/sscanf.c:66: sscanf(" 0x12 0x34", "%5i%2i", &x, &y) failed (got 2 fields, expected 1)
src/functional/sscanf.c:83: sscanf("10e", "%lf", &d) failed (got 1 fields, expected no match (0))
FAIL src/functional/sscanf.exe [status 1]
TODO *cc.PrimaryExpression PrimaryExpressionFloat 1.234e1234 FERR strconv.ParseFloat: parsing "1.234e1234": value out of range
unexpected/unsupported option: -static
unexpected/unsupported option: -static
src/functional/strftime.c:14: "%c": expected "Mon Jan  5 05:17:53 +10009", got "Mon Jan  5 05:17:53 10009"
src/functional/strftime.c:14: "%c": expected "Wed Feb 23 12:00:00 0000", got "Wed Feb 23 12:00:00 0"
src/functional/strftime.c:14: "%+3C": expected "+20", got "%+3C"
src/functional/strftime.c:14: "%C": expected "00", got "0"
src/functional/strftime.c:14: "%+10F": expected "2016-01-03", got "%+10F"
src/functional/strftime.c:14: "%+11F": expected "+2016-01-03", got "%+11F"
src/functional/strftime.c:14: "%F": expected "+10009-01-05", got "10009-01-05"
src/functional/strftime.c:14: "%F": expected "0000-02-23", got "0-02-23"
src/functional/strftime.c:14: "%011F": expected "-0123-01-01", got "0-123-01-01"
src/functional/strftime.c:14: "%+5G": expected "+2015", got "%+5G"
src/functional/strftime.c:14: "%+4Y": expected "2016", got "%+4Y"
src/functional/strftime.c:14: "%+5Y": expected "+2016", got "%+5Y"
src/functional/strftime.c:14: "%Y": expected "+10009", got "10009"
src/functional/strftime.c:14: "%Y": expected "0000", got "0"
src/functional/strftime.c:14: "%+5Y": expected "+0000", got "%+5Y"
src/functional/strftime.c:14: "%+4Y": expected "-123", got "%+4Y"
src/functional/strftime.c:14: "%+5Y": expected "-0123", got "%+5Y"
src/functional/strftime.c:14: "%Y": expected "+2147485547", got "-2147481749"
src/functional/strftime.c:14: "%011Y": expected "02147485547", got "-2147481749"
FAIL src/functional/strftime-static.exe [status 1]
unexpected/unsupported option: -static
src/functional/strftime.c:14: "%c": expected "Mon Jan  5 05:17:53 +10009", got "Mon Jan  5 05:17:53 10009"
src/functional/strftime.c:14: "%c": expected "Wed Feb 23 12:00:00 0000", got "Wed Feb 23 12:00:00 0"
src/functional/strftime.c:14: "%+3C": expected "+20", got "%+3C"
src/functional/strftime.c:14: "%C": expected "00", got "0"
src/functional/strftime.c:14: "%+10F": expected "2016-01-03", got "%+10F"
src/functional/strftime.c:14: "%+11F": expected "+2016-01-03", got "%+11F"
src/functional/strftime.c:14: "%F": expected "+10009-01-05", got "10009-01-05"
src/functional/strftime.c:14: "%F": expected "0000-02-23", got "0-02-23"
src/functional/strftime.c:14: "%011F": expected "-0123-01-01", got "0-123-01-01"
src/functional/strftime.c:14: "%+5G": expected "+2015", got "%+5G"
src/functional/strftime.c:14: "%+4Y": expected "2016", got "%+4Y"
src/functional/strftime.c:14: "%+5Y": expected "+2016", got "%+5Y"
src/functional/strftime.c:14: "%Y": expected "+10009", got "10009"
src/functional/strftime.c:14: "%Y": expected "0000", got "0"
src/functional/strftime.c:14: "%+5Y": expected "+0000", got "%+5Y"
src/functional/strftime.c:14: "%+4Y": expected "-123", got "%+4Y"
src/functional/strftime.c:14: "%+5Y": expected "-0123", got "%+5Y"
src/functional/strftime.c:14: "%Y": expected "+2147485547", got "-2147481749"
src/functional/strftime.c:14: "%011Y": expected "02147485547", got "-2147481749"
FAIL src/functional/strftime.exe [status 1]
src/common/runtest.c:29: src/functional/string-static.exe exec failed: No such file or directory
FAIL src/functional/string-static.exe [status 1]
cc: error: src/functional/string.o: Adres nebo soubor neexistuje
exit status 1
src/common/runtest.c:29: src/functional/string.exe exec failed: No such file or directory
FAIL src/functional/string.exe [status 1]
cc: error: src/functional/string.o: Adres nebo soubor neexistuje
exit status 1
src/functional/string.c: In function main:
src/functional/string.c:83:10: error: implicit declaration of function strlcpy; did you mean strncpy? [-Werror=implicit-function-declaration]
   83 |  TEST(i, strlcpy(b, "abc", sizeof b - 1), 3, "length %d != %d");
      |          ^~~~~~~
src/functional/string.c:14:10: note: in definition of macro TEST
   14 |  ((r) = (f)) == (x) || \
      |          ^
src/functional/string.c:99:10: error: implicit declaration of function strlcat; did you mean strncat? [-Werror=implicit-function-declaration]
   99 |  TEST(i, strlcat(b, "123", sizeof b), 6, "length %d != %d");
      |          ^~~~~~~
src/functional/string.c:14:10: note: in definition of macro TEST
   14 |  ((r) = (f)) == (x) || \
      |          ^
cc1: some warnings being treated as errors
exit status 1
unexpected/unsupported option: -static
unexpected/unsupported option: -static
unexpected/unsupported option: -static
unexpected/unsupported option: -static
unexpected/unsupported option: -static
unexpected/unsupported option: -static
unexpected/unsupported option: -static
unexpected/unsupported option: -static
unexpected/unsupported option: -static
unexpected/unsupported option: -static
unexpected/unsupported option: -static
src/functional/strtol.c:130: strtol(s="123", &c, 37) failed (wrong final position -134960086 != 0)
FAIL src/functional/strtol-static.exe [status 1]
unexpected/unsupported option: -static
src/functional/strtol.c:130: strtol(s="123", &c, 37) failed (wrong final position -4633558 != 0)
FAIL src/functional/strtol.exe [status 1]
unexpected/unsupported option: -static
src/functional/swprintf.c:128: [123xxxxx] != [123] (incorrect output)
FAIL src/functional/swprintf-static.exe [status 1]
unexpected/unsupported option: -static
src/functional/swprintf.c:128: [123xxxxx] != [123] (incorrect output)
FAIL src/functional/swprintf.exe [status 1]
src/functional/tgmath.c:16: sqrt(2.0f) want 0x1.6a09e6p+0 got 0x1.6a09e667f3bcdp+0
FAIL src/functional/tgmath-static.exe [status 1]
unexpected/unsupported option: -static
src/functional/tgmath.c:16: sqrt(2.0f) want 0x1.6a09e6p+0 got 0x1.6a09e667f3bcdp+0
FAIL src/functional/tgmath.exe [status 1]
unexpected/unsupported option: -static
unexpected/unsupported option: -static
src/common/runtest.c:29: src/functional/tls_align.exe exec failed: No such file or directory
FAIL src/functional/tls_align.exe [status 1]
cc: error: src/functional/tls_align_dso.so: Adres nebo soubor neexistuje
exit status 1
src/functional/tls_align_dlopen.c:17: dlopen failed
src/functional/tls_align_dlopen.c:20: dlsym failed
FAIL src/functional/tls_align_dlopen.exe [status 1]
/usr/bin/ld: i386:x86-64 architecture of input file `src/functional/tls_align_dso.lo' is incompatible with i386 output
/usr/bin/ld: src/functional/tls_align_dso.lo: file class ELFCLASS64 incompatible with ELFCLASS32
/usr/bin/ld: final link failed: file in wrong format
collect2: error: ld returned 1 exit status
exit status 1
unexpected/unsupported option: -static
src/functional/tls_init.o.go:530:7: undefined: "pthread_create" external (ccgo.go:180:Main: exec.go:144:execed: exec.go:404:cc: ccgo.go:560:main: link.go:302:link: link.go:789:link:)
src/functional/tls_init.o.go:552:7: undefined: "pthread_join" external (ccgo.go:180:Main: exec.go:144:execed: exec.go:404:cc: ccgo.go:560:main: link.go:302:link: link.go:789:link:) (ccgo.go:180:Main: exec.go:144:execed: exec.go:404:cc: ccgo.go:560:main: link.go:302:link: link.go:792:link:)
src/functional/tls_init_dlopen.c:13: dlopen failed: src/functional/tls_init_dso.so: cannot open shared object file: No such file or directory
src/functional/tls_init_dlopen.c:16: dlsym failed: src/functional/tls_init_dlopen.exe: undefined symbol: gettls
FAIL src/functional/tls_init_dlopen.exe [signal Segmentation fault]
/usr/bin/ld: i386:x86-64 architecture of input file `src/functional/tls_init_dso.lo' is incompatible with i386 output
/usr/bin/ld: src/functional/tls_init_dso.lo: file class ELFCLASS64 incompatible with ELFCLASS32
/usr/bin/ld: final link failed: file in wrong format
collect2: error: ld returned 1 exit status
exit status 1
unexpected/unsupported option: -static
src/functional/tls_local_exec.o.go:700:8: undefined: "pthread_create" external (ccgo.go:180:Main: exec.go:144:execed: exec.go:404:cc: ccgo.go:560:main: link.go:302:link: link.go:789:link:)
src/functional/tls_local_exec.o.go:706:8: undefined: "pthread_join" external (ccgo.go:180:Main: exec.go:144:execed: exec.go:404:cc: ccgo.go:560:main: link.go:302:link: link.go:789:link:) (ccgo.go:180:Main: exec.go:144:execed: exec.go:404:cc: ccgo.go:560:main: link.go:302:link: link.go:792:link:)
tls_local_exec.c:7:58: unsupported alignment 64 of char (expr.go:502:expr0: expr.go:3767:primaryExpression: expr.go:4166:primaryExpressionIntConst: type.go:60:verifyTyp: type.go:65:typ0: type.go:441:isValidType1:)
tls_local_exec.c:8:62: unsupported alignment 4096 of char (expr.go:502:expr0: expr.go:3767:primaryExpression: expr.go:4166:primaryExpressionIntConst: type.go:60:verifyTyp: type.go:65:typ0: type.go:441:isValidType1:)
tls_local_exec.c:10:58: unsupported alignment 64 of char (expr.go:502:expr0: expr.go:3767:primaryExpression: expr.go:4166:primaryExpressionIntConst: type.go:60:verifyTyp: type.go:65:typ0: type.go:441:isValidType1:)
tls_local_exec.c:11:62: unsupported alignment 4096 of char (expr.go:502:expr0: expr.go:3767:primaryExpression: expr.go:4166:primaryExpressionIntConst: type.go:60:verifyTyp: type.go:65:typ0: type.go:441:isValidType1:)
unexpected/unsupported option: -static
unexpected/unsupported option: -static
src/functional/utime.c:62: (time_t)(1LL<<32) == (1LL<<32) failed: implementation has Y2038 EOL
FAIL src/functional/utime-static.exe [status 1]
unexpected/unsupported option: -static
src/functional/utime.c:62: (time_t)(1LL<<32) == (1LL<<32) failed: implementation has Y2038 EOL
FAIL src/functional/utime.exe [status 1]
unexpected/unsupported option: -static
src/functional/vfork.o.go:714:9: undefined: "vfork" external (ccgo.go:180:Main: exec.go:144:execed: exec.go:404:cc: ccgo.go:560:main: link.go:302:link: link.go:789:link:) (ccgo.go:180:Main: exec.go:144:execed: exec.go:404:cc: ccgo.go:560:main: link.go:302:link: link.go:792:link:)
unexpected/unsupported option: -static
src/functional/wcstol.c:86: wcstol(s=L"123", &c, 37) failed (wrong final position -33738451 != 0)
FAIL src/functional/wcstol-static.exe [status 1]
unexpected/unsupported option: -static
src/functional/wcstol.c:86: wcstol(s=L"123", &c, 37) failed (wrong final position -1085139 != 0)
FAIL src/functional/wcstol.exe [status 1]
